SIZEIS: 2048 1
-0 -0 0 1024
-0 -0 0 1024
-0 0 0 512
-0 -0 0 256
-0 -0 0 256
-0 -0 0 256
-0 0 0 128
-0 0 0 64
-0 0 0 64
-0 0 0 64
-0 0 0 32
-0 0 0 32
-0 0 0 32
-0 0 0 16
-0 0 0 8
-0 0 0 8
-0 0 0 8
-0 0 0 4
-0 0 0 4
-0 0 0 2
-0 0 0 2
32752 32752 -16383 2
-32752 32752 16383 2
-0 0 0 2
-32752 32768 16383 2
-32752 -32736 -16388 2
12.5 24.5 11 2
-0 0 0 8
-0 0 0 4
-0 0 0 4
-0 0 0 4
-0 0 0 2
-32752 -32752 -16387 2
65504 0.00390434 0 2
18 5 6 2
-0 0 0 8
-0 0 0 2
-0 0 0 2
-0 0 0 2
32752 32752 -16383 2
-32752 -32752 -16389 2
11.5 6.5 22 2
22 8 0 2
15.4922 9.5 38 2
-0 0 0 2
32768 -32752 16382 2
-0 0 0 2
-32752 -32752 -16386 2
15.9922 -2 17 2
13.5 -0.499756 52 2
16.4844 10.5 18 2
16.4844 2.49805 52 2
-0 0 0 2
32752 32752 -16383 2
5.5 11.5 -1 2
6.49609 20.5 1 2
32768 -32752 16381 2
2 -65504 -3 2
11.9922 10 21 2
3.99805 1.99902 44 2
8.99219 9 25 2
4.5 5.5 44 2
14.9922 8 33 2
1.99902 3.99805 58 2
1 9 49 2
-0.5 5.5 48 2
4.5 2.5 64 2
-7.5 5.5 62 2
-32752 -32720 -16388 2
7.49609 30.5 18 2
3.49805 0.499756 53 2
1.49902 2.49805 56 2
-1 13.9922 38 2
11.5 12.5 49 2
1.5 2.5 55 2
8.99219 0.999512 69 2
7.49609 3.49805 54 2
5.5 6.5 67 2
5 -1.99902 58 2
4.5 -0.499756 74 2
-3.5 9.49219 70 2
7 1 69 2
2.99805 4.99609 83 2
-0 8 80 2
4.04688 4.79688 58 4
2.49805 3.49805 71 2
-2 10.9922 72 2
1.99902 2.99805 83 2
4.49609 6.49609 84 2
6.49609 0.499756 75 2
5.99609 3.99805 82 2
3.99805 0.999512 80 2
7.49609 3.49805 87 2
2.32422 4.32422 92 4
-6.5 13.4922 68 2
3.99805 -4 67 2
-1.5 5.49609 90 2
-6.5 15.4922 79 2
8.99219 -8 81 2
5.49609 1.49902 89 2
2.99805 2.99805 73 2
6.99609 -1 88 2
3.49805 4.49609 97 2
-0.5 6.49609 102 2
2.5 6.5 106 2
-1 1.99902 111 2
-13 1.99902 90 2
15 6 88 2
-12 1.99902 96 2
12.5 -11.5 95 2
-0 0 0 128
-0 0 0 64
-0 0 0 32
-0 0 0 8
1.5 1.5 0 2
20.5 1.5 8 2
2.5 -2.5 1 2
16.5 3.5 14 2
7.5 7.5 45 2
5.49609 -2.5 55 2
14.9922 4.99609 57 2
-4.5 11.5 65 2
32752 -32752 16383 2
20.5 -13.5 11 2
-0 0 0 2
32752 -32752 16383 2
23.9844 6.99609 61 2
-2 11.9922 88 2
-0 0 -32767 2
13.4922 8.49219 103 2
-0 0 0 8
-0 0 0 4
-11416 -3264 -22977 4
-0 0 0 2
3.50391 3.5 32765 2
-0 0 0 2
-65504 1.49609 -2 2
12 -32688 32763 2
3.99805 -17 119 2
30.9844 9 44 2
7 8 88 2
10.9922 -4 78 2
11.5 0.5 91 2
3.99805 -3 71 2
4.49609 -8.5 84 2
0.999512 -4 109 2
2.99805 -4 113 2
5 -11 91 2
4.49609 -6.5 100 2
4.99609 23.9844 81 2
-8.5 16.5 89 2
3.99805 12.9922 121 2
-10 18 123 2
10.4922 16.5 80 2
-1 12.9922 99 2
11.9922 13 116 2
-8.5 16.4844 137 2
3.99805 4.99609 116 2
-2.5 7.49609 119 2
9.99219 1.99902 119 2
1.99902 3.99805 128 2
-9.5 14.4922 101 2
1 17 88 2
-9 11 128 2
2.49805 6.49609 117 2
9.99219 -5 118 2
8.99219 0.999512 136 2
-2.5 5.49609 125 2
11.9922 -2 134 2
-1 9.99219 148 2
-9.5 12.4922 137 2
5.99609 -1 159 2
-7 9.99219 155 2
-1 0.999512 145 2
2.5 4.5 147 2
-4.76837e-06 -10 140 2
2.5 -17.5 145 2
4.49609 7.49609 146 2
-3 2.99805 157 2
-0.5 -14.5 147 2
-0.5 -9.5 150 2
-0.5 -7.5 119 2
6 7 120 2
9.99219 1.99902 103 2
16 -2.99805 126 2
1.49902 17.4844 128 2
3.49805 4.49609 137 2
2.49805 -2.5 155 2
-0.5 6.5 154 2
-0.5 16.5 140 2
-1.04904e-05 11.9922 141 2
14.5 -2.49805 148 2
-3.5 5.5 170 2
13.4922 -1.5 153 2
-0.5 5.49609 172 2
2.49805 4.49609 158 2
13 2 171 2
12.4922 2.49805 151 2
6.99609 0.999512 174 2
6 5 159 2
10.4922 2.49805 173 2
-5.5 13.4922 180 2
3 1 174 2
4.99609 3.99805 193 2
-6 15.9922 189 2
-0 0 0 4
-0 0 0 4
-0 0 0 4
-0 0 0 2
-0 0 0 2
-0 0 0 2
32752 32752 -16383 2
0.499756 0.5 0 2
-65504 0.496094 -3 2
-32752 -32752 -16386 2
25.5 15.5 14 2
23 1.37091e-06 74 2
10.9922 2.99805 107 2
14.9922 -7 74 2
10.5 -12.5 106 2
19 3 0 2
22 2 33 2
27.5 8.5 3 2
16.5 2.5 35 2
8.99219 4.99609 68 2
11 8 87 2
13.9922 -5 70 2
10.4922 -8.5 96 2
-0 0 0 4
-0 0 0 2
32768 -32752 16383 2
-0 0 0 2
5.5 1.5 0 2
-0 0 0 4
-0 0 0 2
-65504 0.496094 -2 2
-0 0 0 2
-65504 1.99609 -2 2
17 -9 23 2
14.9922 2.99805 46 2
3.99805 -3 12 2
18.4844 -7.5 40 2
7.99609 7.99609 73 2
8.99219 10 88 2
8.99219 -15 73 2
1 -29 97 2
4.49609 5.5 8 2
10.9922 -7 30 2
3.5 0.5 24 2
4.49609 4.5 23 2
-0.5 -4.5 45 2
5.5 4.5 38 2
9.49219 -3.5 37 2
9.49219 0.499756 60 2
3.49805 5.49609 123 2
9.5 7.5 132 2
11 -2.99805 115 2
12.4922 0.499756 137 2
4.5 3.5 151 2
5 1 163 2
-0.5 -6.5 155 2
0.999512 -10 158 2
12.5 -0.499756 115 2
1.99902 -13 138 2
3.99805 -6 110 2
9.99219 7.99609 116 2
5.49609 -4.5 136 2
4.99609 7.99609 147 2
14.4922 10.4922 136 2
-18.5 -13.5 163 2
6.99609 0.999512 171 2
7 3 184 2
9.49219 -11.5 167 2
6.99609 -2 180 2
5.99609 -1.01328e-05 198 2
3.99805 -1 211 2
10.9922 0.999512 191 2
4.99609 6.99609 210 2
6.99609 0.999512 159 2
4.99609 -11 181 2
4.49609 -19.5 142 2
9.49219 -18.5 149 2
14.9922 -9.59635e-06 197 2
7.5 6.5 222 2
32592 -11.5 169 2
-16272 16272 24631 2
3.5 1.5 109 2
7.49609 -16.5 124 2
8.99219 -25 93 2
9.49219 -5.5 98 2
1.5 -20.5 142 2
-15 -21 132 2
-17 -16 107 2
16 3 85 2
7.99609 -6 58 2
-1.90735e-06 -23 83 2
-6 22 67 2
15 26 61 2
7.99609 1.99902 67 2
22.9844 -1 88 2
6.99609 17 93 2
5.49609 7.49609 104 2
7.99609 7.99609 107 2
1 20 118 2
22.4844 9.49219 119 2
15.4922 11.4922 164 2
16320 -16312 8290 2
16304 -16304 24613 2
-2.5 33.5 177 2
-18 26.9844 168 2
20.9844 0.999512 134 2
26.4844 0.499756 177 2
12 -15 137 2
20 -24 168 2
7.49609 5.49609 222 2
-12 9.99219 216 2
6.99609 -34 206 2
1.99902 -16 205 2
-0 0 0 16
-0 0 0 16
-0 0 0 16
-0 0 0 8
-0 0 0 4
-0 0 0 2
32752 32752 -16383 2
-0 0 0 2
-0 0 0 2
-0 0 0 4
-0 0 0 2
32752 32752 -16383 2
-0 0 0 2
4.5 5.5 32764 2
-0 0 0 8
-0 0 0 4
32768 -32752 16383 2
4.5 0.5 9 2
3.5 0.5 0 2
3.49805 2.5 7 2
-0 0 0 4
65504 -0.5 0 2
50 26 1 2
65504 -2.5 1 2
-32656 0.998047 -32768 2
-0 0 0 4
-0 0 0 2
-65504 3.99609 -4 2
-0 0 0 2
-65504 -3.50195 0 2
-0 0 0 4
-0 0 0 2
19 -1.99902 3 2
-0 0 0 2
-0 -4 -32767 2
9 23 26 2
2.49805 21.5 52 2
13.5 -18.5 52 2
15.4922 -8.5 71 2
0.999512 23 46 2
7.5 -5.5 55 2
2.49805 8.49219 85 2
-6 28 74 2
12.5 7.5 29 2
8.99219 -1 62 2
40.4688 17.5 45 2
-7.5 10.4922 75 2
21.4844 -1.5 91 2
-1 6.99609 121 2
13.4922 -2.5 84 2
10.9922 -14 112 2
0.0749512 0.0749512 0 4
32752 32752 -16383 2
16376 16384 24574 2
13.4922 18.5 -2 2
3.00195 -32704 32767 2
-0 0 0 2
10 5 0 2
65504 0.00390434 0 2
19 10 18 2
14.5 14.5 16 2
2.99805 9.99219 42 2
26.4844 20.5 51 2
-0.5 22.5 87 2
-16296 16352 8244 2
-2 18.9844 104 2
24.5 -24.4844 16431 2
9.99219 -10 122 2
-5.5 24.5 95 2
-1 10.9922 95 2
4.5 4.5 136 2
-10.5 16.4844 138 2
16352 -16352 8239 2
-16312 -16352 24599 2
-3 18.9844 69 2
13.4922 3.49805 71 2
11 -13 128 2
12.4922 3.49805 144 2
10 -9 115 2
18.4844 -20.5 145 2
11.4922 -11.5 79 2
14.4922 1.49902 102 2
-2.86102e-06 18 71 2
10.9922 -13 92 2
4.99609 5.99609 118 2
0.999512 13.9922 124 2
14.4922 -5.5 112 2
13.9922 -1 134 2
-5 21 112 2
-6.5 15.5 95 2
7.5 -9.5 133 2
-4 12.9922 131 2
7.5 -2.49805 114 2
11.9922 -4 138 2
-11 15 117 2
19.4844 0.499756 122 2
4.49609 21.4844 125 2
12.9922 20.9844 140 2
8.99219 0.999512 158 2
14.5 1.5 178 2
7.49609 24.4844 167 2
-1 10.9922 185 2
14.9922 4.99609 209 2
-2.5 24.4844 223 2
12.4922 6.49609 161 2
11 8 183 2
12.4922 -12.5 168 2
16.4844 -12.5 189 2
17.9844 3.99805 210 2
18.4844 3.49805 243 2
15.4922 -9.5 222 2
2.99805 -18 251 2
16 -2.99805 104 2
11.9922 -5 140 2
-9 9.99219 119 2
15.9922 -12 128 2
-16.5 10.5 150 2
9.49219 7.49609 127 2
17.5 -10.5 151 2
11.4922 20.4844 177 2
-5 21 150 2
-10.5 19.4844 134 2
8 -11 168 2
-5 8 172 2
32624 3 143 2
-0 0 -32767 2
16296 -16296 8311 2
-4 -32608 -32765 2
8.5 -0.499756 139 2
16.4844 -8.5 157 2
-8.5 30.4844 183 2
-5 35 165 2
16296 16272 -7947 2
4.5 32528 225 2
2.5 11.5 161 2
16296 -16280 8324 2
0.5 32528 227 2
-16256 16272 8365 2
-0 0 -32767 2
-0 0 -32767 2
2.49805 38.5 216 2
3.99805 44.9688 222 2
-32496 -3 -32766 2
12.4922 1.49902 278 2
37 13 -4 2
26.4844 9.5 40 2
-65504 -5 0 2
21.5 5.5 51 2
10.5 8.5 92 2
9.49219 3.49805 112 2
7.99609 -12 99 2
6.99609 -9 112 2
47 8 -2 2
18.9844 4.99609 65 2
34 11 14 2
11.5 0.5 79 2
1 8 90 2
10.4922 1.49902 100 2
7.99609 -1 96 2
7 4 111 2
-13.5 22.5 105 2
-2 12.9922 87 2
8.49219 0.499756 123 2
-10.5 8.49219 126 2
9.99219 -4 89 2
10.9922 -7 111 2
-5 14 104 2
4.49609 -3.5 107 2
16.4844 3.49805 123 2
-1.5 12.4922 144 2
9.5 -0.499756 131 2
9.5 0.5 152 2
-7 15.9922 133 2
-3 11.9922 109 2
-5.72205e-06 14.9922 163 2
-17 27.9844 145 2
21 -3 28 2
14.4922 -5.5 72 2
11 -3 23 2
16376 16328 -8112 2
9.99219 -1 96 2
8.99219 2.99805 112 2
6.5 32656 104 2
-16312 16320 8282 2
-19 22 46 2
10.9922 -5 31 2
-20 21.9844 82 2
-13 27 38 2
-0 0 -32767 2
-0 0 -32767 2
16360 -16368 8217 2
16368 -16368 24584 2
9.99219 -3 134 2
15.4922 0.499756 154 2
3.49805 11.4922 135 2
8 3 152 2
11.5 1.5 179 2
-21 7.99609 194 2
13.9922 -5 170 2
4.49609 -5.5 193 2
-16304 16304 24615 2
5.99609 -1 165 2
-0 0 -32767 2
-16296 16296 24618 2
3.49805 7.49609 174 2
10 6 189 2
13.4922 -6.5 179 2
10.9922 -3 199 2
13.5 -5.49609 134 2
8.49219 -9.5 163 2
7.99609 -6 137 2
9.49219 -2.5 145 2
2.49805 -4.5 172 2
0.5 11.5 168 2
10 2 166 2
9.49219 13.4922 180 2
11.4922 5.49609 121 2
7 10 142 2
16.9844 7.99609 128 2
10 6 167 2
9.49219 -3.5 160 2
24.4844 -8.5 182 2
-1.5 18.4844 176 2
5.49609 17.4844 180 2
5.49609 26.4844 168 2
16288 -16272 8329 2
6.49609 7.49609 198 2
6.99609 5.99609 211 2
-32512 -12 -32761 2
23.9844 -19 284 2
-8 12.9922 209 2
28.5 -11.4922 224 2
5.49609 -3.5 216 2
4.49609 0.499756 222 2
7.5 3.5 194 2
7.5 -4.5 212 2
9.99219 7.99609 234 2
0.999512 15.9922 247 2
16 -6.99609 237 2
10.9922 2.99805 263 2
-2.5 17.5 147 2
10.9922 -16 161 2
-2.5 11.4922 192 2
-12 25.9844 167 2
5.99609 -18 189 2
10.4922 -13.5 200 2
-1 16 160 2
1.49902 -1.5 171 2
4.99609 7.99609 211 2
5 28 210 2
16 3 220 2
7 6 249 2
-7.5 33.5 217 2
-5.5 32.4688 197 2
1.99902 3.99805 268 2
-14 9.99219 259 2
4 -15 221 2
11.4922 12.4922 221 2
8 -3.99805 178 2
24.5 -13.4922 209 2
-1 9.99219 239 2
21.4844 -9.5 260 2
11.9922 10.9922 247 2
4 29 254 2
10.9922 28.9844 196 2
-15 15.9922 215 2
15.5 7.5 247 2
-16.5 25.4844 262 2
35.4688 -21.5 225 2
18.4844 -21.5 287 2
-9 24 223 2
21.9844 -11 234 2
-0 0 0 32
0.00246239 0.00239372 0 32
-0 0 0 32
-0 0 0 16
-0 0 0 8
-0 0 0 4
-32752 32768 16382 2
-2 5 9 2
8 2 0 2
0.999512 3.99805 16 2
0.899902 0.399902 -1 4
5.49609 0.499756 7 2
4.49609 -4.5 19 2
2.5 1.5 8 2
0.5 1.5 11 2
-0 0 0 8
-0 0 0 2
8 1 0 2
-0 0 0 2
7 -2 2 2
1.99902 -1 11 2
4.99609 5 11 2
7 4 8 2
7.99609 6.99609 28 2
-0 0 0 2
-32752 -32752 -16385 2
-0 0 0 2
11.5 2.5 0 2
9.99219 2.99805 14 2
11.4922 2.49805 36 2
16.5 10.5 16 2
6 7 45 2
-0 0 0 16
-0 0 0 8
1.5 1.5 0 2
9.5 7.5 6 2
-65504 2.99609 -3 2
7.99609 -4.76837e-07 24 2
11 6.55651e-07 38 2
0.999512 -3 54 2
2 -6 41 2
2.99805 -8 50 2
11 3 0 2
8.5 4.5 21 2
13.5 -0.5 3 2
7 -3.99805 31 2
0.999512 12 36 2
4.49609 5.49609 39 2
4.99609 -7 49 2
-2 -2 48 2
-0 0 0 4
-0 0 0 2
32752 -32752 16383 2
-0 0 0 2
-0 0 0 2
-0 0 0 4
1.09961 0.949707 -2 4
11 1.78814e-07 3 2
6.99609 -1 20 2
11 1 2 2
3.5 -3.5 20 2
6 -6 35 2
-4 -8 43 2
2 -5 27 2
1 -1 28 2
4.02344 1.87402 7 4
2.5 0.5 22 2
4 2 26 2
-1.19209e-06 -1 22 2
1.99902 -4 27 2
-0 0 0 16
-0 0 0 8
-0 0 0 4
32768 0.00195312 0 2
-32656 2.49805 32767 2
-0 0 -32767 2
-16328 -16328 24606 2
-0 0 0 2
32752 32752 -16383 2
-0 0 0 2
49120 -16376 8190 2
-16336 -16336 -24598 2
2.49805 1.49902 96 2
-1 10 108 2
0.5 9.5 107 2
-0 0 0 8
-0 0 0 2
32768 0.00195312 0 2
-0 0 0 2
-32752 -1.50098 -2 2
-3.5 -1.5 132 2
4 14 128 2
-16320 -16328 24607 2
13.4922 -13.5 132 2
32752 32752 -16383 2
-32640 -0.0019455 -32767 2
16376 16384 24571 2
-32624 1.5 -32768 2
-7.5 7.5 119 2
6.5 -0.499756 114 2
-0.5 10.5 132 2
-3 11.9922 125 2
0.294434 0.297607 -1 8
0.899902 1.09961 -1 4
-0 0 0 2
-0 0 0 2
-2 2 4 2
-2 3 0 2
0.749512 1.89941 4 4
-1.14941 1 9 4
1.69922 1.34961 -2 4
0.899902 1.7998 6 4
2.375 3.27344 3 4
6.99609 4 10 2
0.999512 1.99902 23 2
1.99902 1.99902 23 2
-6.5 -2.5 27 2
-3 -1.78814e-07 12 2
1 5.96046e-08 9 2
-1 3 13 2
1.5 4.5 11 2
0.999512 -2.98023e-07 13 2
-1 1.99902 10 2
-2.5 0.499756 14 2
7.99609 11 9 2
-0.549805 1.34961 20 4
2 2 16 2
19.5 1.49902 36 2
9.49219 18.5 16 2
5.99609 11 30 2
-0 0 0 2
-0 0 0 2
-0 0 0 2
-0 65504 0 2
-0 0 0 2
32752 32752 -16383 2
-0 32768 0 2
-32672 -32672 -44 2
1.99902 5 1 2
16384 -16352 8192 2
11 3 7 2
30.4844 15.5 29 2
33.5 1.49902 76 2
12.4922 3.49805 134 2
17 16 98 2
7.5 -3.49805 140 2
-16304 -16304 -24613 2
2.5 10.5 141 2
5.49609 0.499756 155 2
0.5 4.5 158 2
8.99219 4.99609 152 2
-3.5 11.4922 158 2
3.49805 2.49805 162 2
8.49219 1.49902 166 2
5.99609 -6 156 2
4.49609 -0.5 163 2
7.49609 2.49805 148 2
7.49609 -1.5 162 2
3.19922 2.19922 169 4
21.5 16.5 6 2
31.5 14.5 69 2
33.9688 19 44 2
7.5 7.5 105 2
4.99609 -5 121 2
8.49219 -0.5 137 2
8.99219 0.999512 119 2
12.4922 -1.5 132 2
7.5 -16.5 76 2
4.5 -28.5 101 2
3.5 3.5 42 2
1.49902 -5.5 54 2
6.99609 -30 107 2
14.9922 -25 112 2
3 -4 54 2
6.99609 -17 67 2
4.49609 0.499756 149 2
6.99609 -2 159 2
1.99902 -2 153 2
5.99609 0.999512 157 2
5.99609 2.99805 171 2
6.99609 -1 184 2
7.99609 0.999512 171 2
5 3 185 2
6.99609 32624 138 2
5.99609 -12 157 2
-0 0 -32767 2
-32624 -3 -32766 2
4.49609 -7.5 173 2
8.49219 -4.5 179 2
10.9922 -13 154 2
7.99609 -6 174 2
-3 10 113 2
-12 22.9844 97 2
10.9922 -5 116 2
0.999512 1.99902 128 2
-29 32 60 2
32736 0.00195122 32 2
-20.5 12.5 118 2
-20 15.9922 55 2
9.99219 -1 105 2
9.5 -1.49902 122 2
6.49609 8.49219 111 2
3.99805 6.99609 127 2
-7.5 5.49609 134 2
-45 22 98 2
2 3 133 2
-20 17 125 2
-0 0 -32767 2
-0 0 -32767 2
16360 -16360 24587 2
-0 0 -32767 2
-16288 16288 24622 2
-16272 16288 8336 2
-0 0 -32767 2
-0 0 -32767 2
0.999512 2.99805 38 2
16368 -16352 8221 2
-6.5 42.5 74 2
-14 36 65 2
-0 0 -32767 2
-0 0 -32767 2
16352 -16352 24591 2
-0 0 -32767 2
-3 8 130 2
13.9922 4.99609 134 2
-5.5 -0.5 148 2
10.9922 -1 143 2
-8.5 9.5 145 2
-5.00679e-06 -2 138 2
-0.5 -2.5 158 2
-2 12.9922 149 2
1.99902 -6 130 2
10 -3.99805 135 2
7.99609 9.99219 129 2
-1 5 137 2
6.99609 -4.82798e-06 148 2
-0.5 3.5 164 2
12.9922 9.99219 145 2
6.99609 0.999512 171 2
6.99609 10.9922 138 2
-7.5 24.4844 138 2
11.4922 7.49609 152 2
8.99219 2.99805 172 2
-0 0 -32767 2
-0 0 -32767 2
16280 -16280 24628 2
-0 0 -32767 2
2.5 0.5 164 2
15.5 1.5 174 2
-2 8.99219 170 2
22 13 178 2
4.5 0.5 210 2
32560 -13.9922 213 2
-6 -5 221 2
32592 -17.9844 182 2
8 32528 225 2
-16240 16248 8387 2
-0 0 -32767 2
-32512 -6 -32764 2
2 2 274 2
-7 8.99219 272 2
16.5 -11.5 262 2
7.49609 5.49609 277 2
-16280 -16280 -24626 2
23 2 212 2
-32576 -15 -32760 2
28.4844 -11.5 215 2
12.9922 10.9922 248 2
20.4844 17.4844 288 2
15 -9 263 2
17 -18 295 2
10.5 6.5 262 2
6 14 291 2
12.4922 23.4844 285 2
11.9922 16.9844 318 2
-26 29 278 2
-2 6.99609 236 2
-8.5 26.4844 325 2
-17.5 51.4688 284 2
9.5 3.5 322 2
6 3.57628e-07 343 2
8.49219 -12.5 320 2
6 -16 344 2
4.5 2.5 349 2
-4 22 355 2
4 -21 351 2
16.5 -19.5 371 2
-32624 -18.4844 -32758 2
35.4688 -28.5 187 2
-16352 -16344 24593 2
46.4688 -26.5 110 2
17.4844 -18.5 238 2
10.4922 -14.5 270 2
27 -34 193 2
0.999512 -52 237 2
-8 5.99609 74 2
11.9922 -3 75 2
9.99219 1.99902 95 2
1 40 95 2
9.99219 -32 117 2
2.49805 -35.5 138 2
-14.5 40.5 92 2
9.99219 33 84 2
8.49219 -25.5 292 2
-14 -46 292 2
-5 -47 232 2
-17.5 -34.5 217 2
-1 -51 282 2
30.5 -68.5 304 2
-14.5 -46.5 185 2
15.9922 -46 169 2
0.499756 -27.5 131 2
8 -17 129 2
3.5 32656 99 2
-0 0 -32767 2
-3 -10 119 2
3.49805 13.4922 108 2
-16312 -16216 24621 2
0.499756 39.4688 167 2
-1.5 12.4922 154 2
-3.5 7.49609 149 2
-1 11.9922 173 2
-5.5 10.4922 165 2
7 5 158 2
9.99219 11.9922 173 2
9.49219 8.49219 169 2
19 2 198 2
3.04883 4.19922 187 4
-4 13 198 2
15.5 4.5 198 2
8 4 212 2
-1.5 2.49805 222 2
-1.5 15.5 187 2
18.4844 -0.5 196 2
-2.5 9.49219 226 2
-2.5 6.49609 213 2
-37.5 -6.5 219 2
16288 -16336 8312 2
-27.5 5.49609 214 2
-43 25.9844 141 2
4 -8 226 2
-1.0252e-05 0.999512 224 2
4.5 6.5 218 2
5 10 228 2
-0.5 14.5 225 2
-47.5 25.4844 196 2
12.5 8.5 242 2
-28.5 24.4844 246 2
3.49805 0.499756 197 2
7.99609 1.99902 206 2
7.49609 -0.5 197 2
7.49609 -2.5 210 2
2 2 220 2
3.49805 2.49805 221 2
3.49805 -3.5 220 2
5.5 0.5 226 2
6.99609 1.99902 193 2
6.99609 2.99805 205 2
9.5 -22.5 195 2
10 -17 209 2
1.5 1.5 215 2
7.5 -5.5 226 2
-9.5 -17.5 219 2
5.99609 -19 207 2
9.99219 6.99609 229 2
7.5 16.5 247 2
11.4922 0.499756 241 2
8.49219 -8.5 275 2
9 6 266 2
-3.5 5.49609 281 2
-2.5 -6.5 279 2
6.99609 -1 280 2
5.49609 -9.5 242 2
5.5 -7.5 252 2
18.4844 -3.5 216 2
8.99219 9.99219 243 2
10.5 6.5 260 2
0.999512 4.99609 278 2
8.49219 0.499756 267 2
6.99609 -3 288 2
29.4844 -7.5 100 2
34.5 -3.49805 169 2
3.49805 3.49805 87 2
33.9688 -40 134 2
-6.5 28.5 197 2
16 27 208 2
29.9844 -24 199 2
30.4844 -7.5 245 2
-29 10.9922 121 2
10.9922 1.99902 88 2
-28 53.9688 158 2
-19 44 125 2
22.9844 -47 143 2
35.4688 -39.5 193 2
-6.5 26.5 100 2
30.4844 2.49805 125 2
8.49219 27.4844 220 2
17.9844 10.9922 250 2
11.4922 22.4844 280 2
3.99805 23.9844 296 2
5.49609 32.4688 260 2
1 37 267 2
13.4922 11.4922 313 2
-2.09808e-05 19.9844 333 2
33.9688 -52 273 2
-3 -41 310 2
16.4844 -8.5 184 2
3 -17 231 2
21.9844 -34 309 2
18.9844 -31 351 2
6.99609 -27 237 2
28.4844 -40.5 269 2
-15 29 252 2
-15.5 38.4688 210 2
11.4922 5.49609 293 2
-2.5 26.5 288 2
-17 34 185 2
41.9688 26.9844 162 2
-14 50 260 2
1 42 236 2
4.22266 4.125 290 4
7.49609 -2.5 310 2
3.99805 14.9922 312 2
2.99805 4.99609 315 2
8.99219 0.999512 322 2
-3 8 240 2
-1 26 235 2
5.99609 23.9844 260 2
17.9844 29.9844 275 2
-4 37.9688 240 2
-6.5 23.4844 237 2
-2.5 38.4688 302 2
-14 23.9844 290 2
-7 27.9844 312 2
17.4844 8.49219 320 2
5.99609 -4 343 2
-3.5 1.49902 349 2
5.99609 -6 359 2
-4.5 27.4844 351 2
3.99805 2.99805 351 2
12.9922 -5 368 2
3.59961 2.89844 10 4
0.349854 0.649902 23 4
3.99805 -2 22 2
1 -1 29 2
3.5 -3.5 15 2
2.5 -2.5 21 2
-1 1 26 2
2.49805 3.5 23 2
5.49609 7.5 22 2
1.99902 -3 33 2
5.125 4.875 19 4
16.5 4.5 55 2
-5.72205e-06 22.9844 70 2
19.9844 8.99219 64 2
8.99219 6.99609 97 2
2.99805 0.999512 34 2
9.5 -2.49805 46 2
1 -4 35 2
6.49609 -5.5 38 2
21.4844 -9.5 73 2
-0.5 -10.5 102 2
10.4922 -5.5 57 2
9.49219 -2.5 80 2
6.99609 16 17 2
10.4922 18.5 33 2
8.49219 7.5 43 2
4.49609 3.49805 61 2
-1 13 56 2
-1 23 42 2
0.5 0.5 71 2
4.99609 4.99609 73 2
9 2 57 2
2.5 -3.5 67 2
4 1 60 2
1.5 0.5 66 2
5.5 8.5 70 2
2.99805 2.99805 84 2
4 -7 79 2
0.999512 -6 85 2
-0.5 24.5 38 2
-3.5 14.5 37 2
1 8 76 2
-8 9.99219 77 2
7.49609 -6.5 49 2
-3.5 -18.5 71 2
-10.5 10.4922 52 2
-6 7.99609 48 2
1.39941 -0.399902 85 4
-5 12.9922 81 2
-3.5 22.4844 73 2
-0.5 0.5 94 2
4 2.38419e-07 97 2
6.99609 34 66 2
-1 30 76 2
7.99609 -2 118 2
3 1 127 2
-7 23 70 2
-1 20.9844 58 2
-6.5 13.4922 125 2
-16 17.9844 115 2
6.99609 -10 104 2
5.49609 -2.5 117 2
8.49219 4.49609 96 2
3.99805 -4 116 2
1.99902 -3 127 2
3.99805 6.99609 133 2
5.49609 -1.5 128 2
3.99805 -8 142 2
8.99219 7.99609 64 2
16344 -16336 8249 2
-7.5 19.4844 78 2
1.99902 -2.74181e-06 81 2
18.4844 -16.5 137 2
-5.5 -37.5 152 2
-4.5 -17.5 101 2
10.9922 3.99805 87 2
-5 21.9844 128 2
-18.5 25.4844 103 2
1.49902 -15.5 148 2
0.999512 -1 139 2
7.5 34.5 86 2
11 29 114 2
5 2.98023e-07 145 2
13.9922 2.99805 159 2
18.9844 -22 83 2
11.4922 -5.5 108 2
12.4922 -10.5 53 2
2.99805 -24 84 2
-6 -14 129 2
6.99609 -16 118 2
-1.5 -16.5 80 2
8.99219 -16 74 2
-8.5 20.4844 61 2
0.499756 16.5 51 2
1 1 100 2
3.49805 12.4922 95 2
14.9922 29.9844 60 2
3.49805 37.5 76 2
2.5 1.5 111 2
3.99805 -4 121 2
4.99609 -14 125 2
-16296 16320 8290 2
16336 -16352 8263 2
-0 0 -32767 2
1 32608 151 2
4 2.38419e-07 164 2
-16280 -16312 24618 2
-8 11.9922 177 2
-6.5 20.5 80 2
1 -32688 -32768 2
2.49805 7.49609 120 2
-16 31 114 2
21.9844 -30 120 2
24.4844 -21.5 169 2
-5.5 0.499756 90 2
29 -34 113 2
3.99805 -6 58 2
1.49902 -4.5 64 2
0.999512 -3 52 2
7.5 -0.499756 54 2
2.17383 1.375 65 4
-1.5 1.5 50 2
4.99609 -1.13249e-06 53 2
0.499756 -6.5 47 2
4.49609 -2.5 53 2
4.49609 -0.5 65 2
5.49609 0.499756 74 2
5.99609 -6 67 2
2 -7 78 2
4.99609 -2 78 2
4 1 83 2
1.49902 0.499756 77 2
3.99805 -1 86 2
3.5 0.5 92 2
-0.5 -0.5 97 2
-2.5034e-06 -2.563e-06 90 2
-3 -6 98 2
-1 -1 80 2
-2.38419e-06 -4 86 2
-10.5 -14.5 81 2
-18 -21 63 2
-19 -29 86 2
2.99805 -8 52 2
16.4844 18.5 30 2
18.5 20.5 60 2
4.5 -1.49902 35 2
2.5 -0.499756 47 2
3.99805 -1 31 2
-6.5 -9.5 44 2
-9.53674e-07 -11 57 2
-5 -23 65 2
-1.5 -5.5 28 2
0.999512 -4 28 2
-1.0498 -2.39844 32 4
3.49805 5.5 22 2
9.99219 22 23 2
9.49219 -3.5 31 2
9.49219 -11.5 60 2
-9.5 -10.5 44 2
5 -0.999512 26 2
1.5 8.5 26 2
0.999512 21 29 2
24.4844 -10.5 47 2
12 3 82 2
13.5 6.5 45 2
21.5 2.5 80 2
14.9922 18 47 2
3.99805 11.9922 82 2
4.99609 -6 73 2
6 -9 89 2
-10 19 82 2
13.9922 -8 99 2
1.99902 -16 107 2
2.5 7.5 91 2
5.5 3.5 99 2
1.49902 1.49902 109 2
-0.5 -15.5 106 2
6.5 -12.5 107 2
1.49902 -0.5 114 2
-2.5 -0.5 120 2
1.99902 -1 112 2
1.49902 -0.5 115 2
12.9922 11.9922 55 2
10.9922 6.99609 84 2
7.5 11.5 96 2
-3.5 5.49609 111 2
1.5 -13.5 107 2
7.99609 -6 114 2
-3.5 16.5 97 2
7 14 96 2
12.4922 -3.5 123 2
-0.5 -1.5 145 2
10.4922 -2.5 120 2
4.99609 0.999512 139 2
-18.5 30.5 111 2
-5 27 79 2
3 2 145 2
-11.5 13.4922 141 2
6.49609 -3.5 120 2
0.999512 -13 138 2
8.99219 7.99609 105 2
0.999512 10.9922 115 2
5.49609 -10.5 139 2
2.5 -1.5 144 2
7.99609 7.99609 120 2
2.99805 -1 141 2
17.9844 1.99902 111 2
8.99219 18.9844 126 2
11.9922 5.99609 108 2
18.5 5.5 143 2
3.49805 32.4688 137 2
2.5 35.5 140 2
8.49219 -0.5 179 2
17.4844 5.49609 200 2
5.99609 -17 123 2
14 -13 154 2
4.49609 12.4922 93 2
13.4922 -1.5 125 2
7.99609 -13 179 2
7 -27 200 2
2.49805 -6.5 151 2
12.9922 6.99609 148 2
3.49805 36.5 147 2
-4.5 29.5 152 2
7 14 222 2
-7.5 24.5 226 2
-6 16.9844 146 2
-2 9.99219 134 2
-11 39 202 2
-19.5 25.4844 180 2
9.99219 -24 218 2
8.5 -15.5 231 2
13.4922 0.499756 181 2
9.99219 -8 213 2
7.5 -6.5 248 2
-28 19.9844 232 2
15.9922 4.99609 229 2
6.49609 18.4844 251 2
10 -18 145 2
2.5 -22.5 165 2
9.49219 2.49805 110 2
7.5 -8.5 128 2
12 -5.99609 168 2
15.4922 27.4844 182 2
21.9844 -9 159 2
15.9922 -18 207 2
-3.5 12.4922 134 2
-5 9.99219 122 2
-6.5 24.4844 168 2
-10.5 24.4844 151 2
20.9844 -8 128 2
16.9844 -11 180 2
-9.5 7.49609 136 2
21.5 -21.5 146 2
21 18 224 2
4.49609 0.499756 266 2
7.49609 -18.5 237 2
16.9844 -15 248 2
4.99609 3.99805 276 2
3.99805 4.99609 284 2
7 2 282 2
-4 -5 294 2
7.99609 -9 204 2
16.9844 -2 219 2
8.99219 -28 194 2
12.5 -26.5 213 2
15.4922 -19.5 266 2
-15 -18 283 2
6.49609 -27.5 228 2
-3.5 -17.5 237 2
5.5 -10.5 182 2
-2 5 184 2
5.99609 5.99609 168 2
12.9922 -2 185 2
-15.5 20.4844 166 2
-3 19.9844 140 2
-14 9.99219 195 2
-1.04904e-05 9.99219 166 2
-3.5 11.4922 189 2
9.49219 7.49609 183 2
33.4688 -25.5 182 2
-1.5 12.4922 213 2
5.49609 6.49609 204 2
-10.5 15.4922 199 2
1 7 209 2
9.99219 16.9844 209 2
18.4844 17.4844 140 2
8.49219 22.4844 172 2
24.4844 5.49609 169 2
15.9922 6.99609 213 2
3.49805 19.4844 191 2
12 12 206 2
-1.04904e-05 18.9844 232 2
6.99609 15.9922 229 2
8 1 189 2
14.4922 -8.5 216 2
-11.5 19.5 208 2
8.5 6.5 206 2
12.4922 -17.5 247 2
0.999512 -9 260 2
8.99219 6.99609 223 2
6.49609 -0.5 239 2
8.5 -0.499756 297 2
-2.02656e-05 -4 313 2
-2.5 -19.5 297 2
-6 -25 293 2
7 -12 319 2
5.49609 -4.5 327 2
5.99609 -16 285 2
5.49609 -7.5 299 2
4.99609 -11 257 2
20.5 20.5 257 2
13.9922 -18 229 2
29 -23 276 2
6.49609 25.4844 287 2
14.4922 16.4844 311 2
13.4922 -19.5 319 2
11.9922 -5 340 2
0.999512 -5 340 2
5.99609 -4 342 2
4.99609 -10 310 2
7 -14 330 2
3.99805 -6 356 2
-0.5 -8.5 363 2
1.99902 -7 338 2
17.9844 3.99805 343 2
-1.5 21.5 327 2
-6.5 23.4844 324 2
1.99902 -2 359 2
3 2 359 2
4.5 6.5 324 2
8.99219 -4 344 2
-4.5 2.49805 361 2
3.49805 8.49219 354 2
2.49805 21.4844 217 2
15.4922 4.49609 232 2
1.49902 8.49219 253 2
-1 26 249 2
7.5 -16.5 270 2
19.4844 -35.5 298 2
8.5 24.5 250 2
10.9922 33.9688 259 2
19.5 1.5 266 2
4.49609 8.49219 298 2
11.5 -4.5 258 2
25.5 -13.4922 290 2
8.49219 24.4844 291 2
8 16 315 2
8 -17 337 2
8.49219 -6.5 352 2
6.49609 -35.5 324 2
3.49805 -37.5 339 2
0.999512 20.9844 279 2
10.4922 23.4844 290 2
2.99805 -28 335 2
21.4844 -10.5 344 2
0.499756 18.4844 307 2
24.9844 -5 330 2
13.9922 38.9688 321 2
5.49609 40.4688 345 2
17.4844 -16.5 381 2
14.4922 -3.5 411 2
-3.5 34.4688 360 2
-6.5 28.4844 348 2
4.99609 32.9688 419 2
-19.5 33.5 406 2
26.9844 -20 110 2
12.4922 -59.5 189 2
-3 32 109 2
-4 14.9922 115 2
7.49609 -34.5 207 2
14.5 -37.5 222 2
3.49805 -11.5 129 2
4.99609 -20 139 2
7.99609 -4.76837e-06 153 2
0.499756 11.4922 161 2
6.99609 -4 149 2
15.4922 -3.5 167 2
1.99902 27.9844 157 2
-6 37 154 2
6.5 -8.5 197 2
2.49805 3.49805 205 2
6.99609 -27 241 2
2.49805 -2.5 247 2
6.49609 -31.5 165 2
11.4922 -47.5 194 2
-9.5 -9.5 246 2
5.49609 -12.5 238 2
-5 -36 204 2
-10 -39 197 2
5.99609 40 143 2
-4.5 43.5 140 2
6 19 201 2
-0.5 19.4844 209 2
18.5 33.5 154 2
-15.5 34.5 173 2
8 19 213 2
4.49609 28.4844 219 2
6.49609 -2.5 141 2
6.99609 -7 156 2
-11.5 9.5 154 2
2.5 2.5 144 2
-0 -11 171 2
16 -24 183 2
1.99902 -2 153 2
-1.00136e-05 -1 156 2
-16 26 182 2
-5 19 166 2
-15 36 240 2
-16 31.9844 212 2
5.99609 11.9922 164 2
1.99902 21.9844 176 2
7.5 25.5 192 2
12.4922 25.4844 218 2
14.4922 -28.5 222 2
23.5 -1.49902 240 2
15 -21 167 2
22.4844 -29.5 206 2
17.5 17.5 262 2
6.5 23.5 297 2
17.9844 -41 263 2
19.4844 -32.5 296 2
-6.5 13.5 163 2
7.99609 -2 166 2
-17.5 36.5 212 2
-15 22 188 2
9.49219 -21.5 194 2
26 -32 226 2
-1.04904e-05 10.9922 173 2
10 -3.99805 179 2
4.49609 -10.5 254 2
8.99219 -17 267 2
14.4922 -42.5 193 2
20.4844 -27.5 228 2
7.99609 -21 291 2
9.99219 -31 316 2
2.5 -15.5 249 2
15.9922 -13 262 2
-10.5 9.5 157 2
29.5 -21.5 167 2
-26.5 36.5 205 2
-16 14 165 2
26.5 -5.49609 221 2
7.5 15.5 242 2
21.9844 -34 183 2
15.9922 -41 228 2
12.4922 -32.5 332 2
23.4844 -37.5 380 2
11.4922 -7.5 285 2
12.4922 -14.5 318 2
28.4844 -43.5 426 2
2.5 -12.5 460 2
21.4844 -29.5 352 2
30.9844 -41 399 2
0.999512 -7 276 2
12.9922 -37 291 2
-4.5 -27.5 259 2
10.4922 -12.5 224 2
8.99219 -25 305 2
11.5 -28.5 325 2
24.4844 -10.5 257 2
14 19 282 2
-20.5 44.5 287 2
-36 58.9688 236 2
15 -10 326 2
-10 23.9844 330 2
-10 38.9688 173 2
7 9 178 2
-23.5 54.5 272 2
-8 35 236 2
22.4844 -34.5 283 2
27.4844 -28.5 324 2
19 -21 219 2
17 -38 269 2
-3.5 4.49609 354 2
-8.5 41.5 317 2
22.9844 -45 318 2
1.99902 -39 340 2
17.5 26.5 195 2
-7 27.9844 216 2
11 13 257 2
-1.04904e-05 14.9922 279 2
-1 -11 234 2
45.5 -25.5 300 2
-27 6.99609 260 2
49.5 -29.4844 244 2
2 32 305 2
-10.5 26.4844 313 2
17.5 -27.5 348 2
1.49902 -6.5 366 2
-40.5 26.4844 279 2
3.49805 -1.5 229 2
-38 31 331 2
-14 45.9688 241 2
-0 0 0 512
-0 -0 0 256
-0 0 0 128
-0 0 0 32
-0 0 0 8
-0 0 0 8
-0 0 0 8
-0 0 0 4
-0 0 0 4
-0 0 0 4
1.5 1.5 0 2
-1 16 0 2
2 -2 -32768 2
-0.5 -17.5 27 2
0.599609 0.5 -1 4
1.99902 4 0 2
2.5 0.5 2 2
-1 0.999512 9 2
-0.5 0.499756 7 2
2.39844 0.649902 -2 4
-0.124939 0.924805 7 4
5 -5 15 2
2.49805 -1.5 19 2
1 1 6 2
4.5 -7.5 14 2
-5 -5 25 2
2.99805 -6 21 2
-1 -3 13 2
2.49805 0.499756 11 2
2.19922 2.19922 8 4
5.99609 7 6 2
-1 3 15 2
-2.5 -1.5 28 2
-1.5 1.5 20 2
-0 0 0 2
5 -4 2 2
32752 32752 -16383 2
4.5 2.5 0 2
3.125 2.125 2 4
4.5 5.5 2 2
1.49902 23.5 13 2
-16384 16376 24579 2
-32752 9.99219 -16391 2
-2.5 23.5 18 2
-3.5 7.49609 17 2
-16336 16360 8232 2
-9 28 54 2
0.0499878 1.89941 19 4
-1.3113e-06 0.999512 20 2
11.4922 9.5 18 2
2.99805 2.99805 21 2
9.49219 -2.5 35 2
5.99609 0.999512 18 2
0.5 -2.5 28 2
-4.5 28.5 34 2
-4 15.9922 30 2
0.999512 -2 29 2
-0.5 -2.5 35 2
-3 4 27 2
1 -3 29 2
-0 0 0 8
-0 0 0 4
-0 0 0 2
-0 -65504 -1 2
-0 0 0 2
-0 0 0 2
-0 0 0 4
-0 0 0 4
-0 0 0 8
-0 0 0 8
-0 0 0 2
16384 16384 8192 2
32768 0.00195312 0 2
-0 0 -32767 2
-16328 16328 24603 2
-1 29 102 2
-0 0 -32767 2
-0 0 -32767 2
16384 -16384 8192 2
-0 -32768 -32767 2
-0 0 0 2
-0 0 0 2
-0 -32768 -32767 2
-0 0 -32767 2
16384 16384 -8192 2
-0 0 -32767 2
-11 32 96 2
-22 20.9844 70 2
-3 32624 143 2
-33.5 6.49609 116 2
-5.5 8.5 39 2
-6 0.999512 31 2
-10 16 59 2
-4 5.99609 38 2
-0 0 -32767 2
-3.5 22.4844 111 2
-0 0 -32767 2
5 32624 133 2
-8.5 12.4922 91 2
-14 22 65 2
-11.5 9.5 121 2
-6.5 19.4844 103 2
-0 0 0 4
16384 -16384 8192 2
-0 -32768 -32767 2
-0 0 0 2
-0 0 0 2
-0 0 0 4
-0 0 0 4
-0 0 -32767 2
-0 0 -32767 2
32768 0.00195312 0 2
-0 0 -32767 2
-16312 16312 24609 2
2.49805 14.4922 130 2
-0 0 -32767 2
-32528 30.9844 32753 2
16384 -16384 8192 2
-0 0 -32767 2
-0 32768 0 2
-0 0 -32767 2
-11368 -1623 -29523 4
-0 0 0 32
-0 0 0 16
-0 0 0 4
-0 0 0 4
-0 0 0 4
-0 0 0 2
3 6 -1 2
5.5 2.5 -1 2
5.49609 1.49902 12 2
32768 0.00195312 0 2
-0 0 -32767 2
-0 0 0 2
-0 0 -32767 2
-32512 -4.5 -32765 2
12 -14 271 2
-16264 -16312 24626 2
24.9844 -26 238 2
7.60156 -16360 -24590 4
14 -24 141 2
19.9844 -30 172 2
10.9922 -15 100 2
17.5 -18.5 126 2
-0 0 0 2
32752 32752 -16383 2
-0 0 0 2
32768 -32752 16382 2
13.5 6.5 0 2
16 29 19 2
30.5 7.5 17 2
28.4844 7.49609 74 2
-0 0 0 2
1 -1 0 2
-0 0 0 2
32752 32752 -16383 2
32752 -8.49219 13 2
-32624 17.4844 32760 2
23.5 -65472 -15 2
-16296 16296 24618 2
4.99609 21 47 2
4.49609 7.49609 60 2
-10 25.9844 101 2
-3 18.9844 89 2
4.49609 -3.5 76 2
12.9922 -9 94 2
9.5 10.5 85 2
1.99902 22.9844 101 2
6.99609 18.9844 147 2
-15.5 18.5 136 2
14 6 172 2
-6 31.9844 176 2
-3 17 113 2
20 8 129 2
-16 27.9844 164 2
17.4844 14.4922 148 2
-0 0 0 8
-0 0 0 4
-0 0 0 2
-0 0 0 2
-0 0 0 2
32752 32752 -16383 2
-0 0 0 4
-0 0 0 2
32752 -32752 16383 2
-0 0 0 2
-0 0 0 2
-0 0 0 8
-0 0 0 8
2.5 2.49609 32766 2
16384 16384 -8192 2
20 11 4 2
16360 -16360 24585 2
-16296 16360 8231 2
20.9844 12.9922 131 2
-32656 -8.99219 -32763 2
31.4844 -20.5 148 2
32768 32752 -16377 2
13 -14 21 2
-0 0 0 2
32768 32752 -16382 2
22 -19 57 2
29 -23 107 2
16 -20 20 2
31.9844 -23 62 2
37.4688 33.5 184 2
-0.5 32.4688 239 2
27.9844 -19 220 2
4.5 -36.5 267 2
-25.5 50.4688 221 2
-1 40 196 2
7.99609 -33 271 2
-17.5 -18.5 268 2
16.5 -31.5 170 2
7.5 -31.5 197 2
13.4922 -18.5 114 2
1.5 -25.5 140 2
-3.8147e-06 -33 199 2
-1 -30 211 2
1.99902 -27 139 2
9.99219 -20 148 2
-0 0 0 4
-32752 32752 16385 2
21 -9 31 2
32768 32752 -16383 2
15.5 -3.49805 19 2
-0 0 0 4
32752 -32752 16383 2
5.5 -18.5 16 2
-0 0 0 2
32768 -32752 16383 2
15.4922 -15.5 75 2
-1.5 -14.5 96 2
11.9922 -10 56 2
-9.5 -20.5 74 2
2.5 -19.5 90 2
6.5 -22.5 103 2
0.499756 -19.5 55 2
4.49609 -23.5 62 2
6 -21 32 2
-1 -10 33 2
15.9922 16 -1 2
10.5 22.5 25 2
-0 0 24 2
5.5 1.5 27 2
1.5 19.5 41 2
4.5 25.5 43 2
-2 -4 24 2
1.49902 1.49902 19 2
3.99805 -4.76837e-07 15 2
2.99805 -3 22 2
0.499756 0.499756 27 2
4.5 -10.5 35 2
-4.76837e-07 -5 29 2
-5.5 -5.5 27 2
-1.5 0.499756 14 2
1.99902 2.99805 15 2
1.49902 6.49609 19 2
17.4844 17.5 26 2
-4.5 2.49805 21 2
4 3 17 2
-13.5 25.5 52 2
10.9922 36 36 2
5.49609 -16.5 50 2
6 -23 60 2
6 -0.999512 24 2
2.5 -0.499756 32 2
10.5 -6.5 61 2
8.5 32656 99 2
4.5 -18.5 47 2
-0 0 -32767 2
0.499756 3.49805 25 2
-1 5 30 2
7.49609 42.5 56 2
-14 29 64 2
0.499756 3.49805 28 2
-2 -32736 -32766 2
-12 17 47 2
1 4 27 2
9.5 18.5 35 2
16.5 12.5 60 2
4.49609 -12.5 56 2
10.4922 -10.5 62 2
2.99805 9.99219 89 2
12.5 19.5 98 2
16 -6.99609 81 2
17.4844 6.49609 113 2
12.4922 0.499756 38 2
13.9922 12.9922 60 2
8.49219 -5.5 40 2
13.4922 -21.5 66 2
22.5 18.5 90 2
7.5 11.5 141 2
16368 16304 -8075 2
4.49609 32608 154 2
4.5 10.5 127 2
-9 30 124 2
6.99609 5.99609 139 2
8.5 5.5 157 2
-25.5 24.5 98 2
-20.5 11.5 57 2
-45.5 -8.5 142 2
-21.5 -0.5 64 2
8.99219 9.99219 154 2
-3 8.99219 178 2
13.4922 14.4922 173 2
-9 9 198 2
-41.5 12.4922 138 2
-17.5 14.5 67 2
-31.5 23.4844 166 2
-29 12.9922 106 2
-16312 16320 8285 2
13.5 7.5 132 2
26.9844 -13 127 2
0.999512 8.99219 160 2
9.49219 16.4844 156 2
15 20 177 2
10 -5 174 2
12.9922 -18 201 2
47 -19 67 2
27.4844 -22.5 146 2
19.9844 -10 43 2
29.4844 -18.5 106 2
16.5 1.5 177 2
8 23 189 2
27 -11.9922 162 2
12 -17 215 2
-3.5 23.4844 200 2
1.5 6.5 201 2
2.99805 -21 226 2
0.499756 1.49902 219 2
17.9844 -23 230 2
17.5 -23.5 268 2
-2.5 20.4844 210 2
10.4922 0.499756 222 2
5 21 205 2
14 7 213 2
10 -18 235 2
3.99805 0.999512 236 2
6 10 252 2
10.5 29.5 248 2
14.5 0.5 258 2
13.5 -14.5 299 2
1.49902 -0.5 39 2
37.4688 -2.5 66 2
-1 -1 39 2
17.4844 -10.5 49 2
15.9922 -24 135 2
6 -37 174 2
9.49219 -26.5 88 2
-5.5 -34.5 98 2
-3.5 5.5 43 2
-0 -1 39 2
-15.5 4.49609 63 2
3.99805 1.99902 39 2
5.99609 -2 43 2
-1 2 46 2
29 25 55 2
12.4922 21.4844 100 2
8.5 -31.5 176 2
8.99219 -47 208 2
8.5 -42.5 100 2
13.5 -41.5 116 2
18.9844 -44 232 2
9.5 -47.5 255 2
14.9922 -42 141 2
5.99609 -40 170 2
3 6 49 2
6.49609 10.4922 59 2
8.99219 37 107 2
-5.5 44.5 111 2
6.49609 2.49805 73 2
-4.5 -6.5 92 2
7.99609 52 103 2
2.49805 53.4688 115 2
4.99609 -6 31 2
7.49609 1.49902 37 2
-3.5 5.49609 31 2
2.49805 -4.5 36 2
16352 -16360 8235 2
-32640 -21.5 -32757 2
8.5 -1.49902 40 2
8.5 -7.5 59 2
-7 13 46 2
0.5 9.5 37 2
-18.5 23.5 78 2
-11 3.99805 58 2
14.9922 -1.96695e-06 40 2
-0.5 6.49609 62 2
8.99219 1.99902 41 2
8.99219 -4 65 2
29 -54 167 2
16.9844 -23 198 2
19.4844 -17.5 81 2
31 -32 129 2
-19 12.9922 197 2
-38.5 14.4922 142 2
20 -33 193 2
-34.5 14.4922 181 2
2.5 4.5 61 2
9 -11 79 2
-4 1.99902 74 2
0.5 10.5 69 2
29.9844 -27 116 2
-0.5 -26.5 162 2
16.5 11.5 85 2
6.99609 -3 117 2
-23.5 23.5 121 2
-15 22 80 2
-35.5 30.5 185 2
-12 28 121 2
-11 10 62 2
5.5 -7.5 59 2
-22 24 96 2
-10.5 10.5 60 2
-32 18 228 2
-22.5 1.49902 175 2
-38.5 10.4922 264 2
-26.5 21.5 176 2
-21.5 -1.5 124 2
-14.5 6.49609 81 2
-16.5 18.5 136 2
-17.5 16.5 110 2
6.49609 -7.5 70 2
16.4844 -2.5 84 2
9 9 57 2
17.9844 9.99219 81 2
3.99805 -1 111 2
1 -8 125 2
3.49805 4.49609 112 2
-1 -6 110 2
20.4844 0.499756 70 2
4.5 -3.5 102 2
-2 12.9922 79 2
4.49609 -1.5 89 2
-3.5 -7.5 116 2
-0.5 -0.5 103 2
4.99609 0.999512 96 2
-1.5 4.49609 101 2
-25 1.99902 74 2
2.5 -5.5 38 2
-23 34 101 2
-12 38 55 2
9.99219 -23 54 2
21 -37 89 2
-5.5 21.5 44 2
-2 -3 47 2
-9 -13 144 2
-2.5 -3.5 120 2
-5.24521e-06 8.99219 123 2
-5 12.9922 118 2
-22.5 15.5 104 2
-16 14.9922 61 2
1.5 8.5 112 2
-16 14.9922 96 2
32.9688 -32 133 2
11 -17 182 2
27 -25 72 2
7.99609 -33 124 2
-6.5 -15.5 192 2
7.5 -19.5 186 2
-11 -40 122 2
15 -42 121 2
0.499756 -3.5 46 2
-0 -17 70 2
-9 3.99805 57 2
11 15 45 2
-2 -9 62 2
7.99609 -3 55 2
10.9922 54 53 2
-12 32 73 2
2 -9 131 2
-3.5 -3.5 127 2
3 -6 113 2
-2.5 -7.5 119 2
2.99805 0.999512 122 2
-16 6.99609 120 2
7.49609 -5.5 119 2
-17 -5 131 2
-2.38419e-06 -7 107 2
0.999512 -1 107 2
-0 5 98 2
4.99609 -1 104 2
3.99805 0.999512 112 2
-5 3.99805 115 2
11.5 5.5 116 2
-8.5 4.5 125 2
-26 5.99609 76 2
24 -5.99609 54 2
-31.5 -0.5 78 2
4.99609 -4 50 2
19.9844 -15 117 2
-9.5 19.5 127 2
25 -22 70 2
29 -22 124 2
-18 30 90 2
-11 14 58 2
-1 2 118 2
-9.5 19.5 97 2
2.5 -2.5 49 2
22.9844 -21 71 2
-17 19 68 2
4 3 51 2
8.5 -9.5 286 2
-17.5 19.4844 279 2
13.5 -16.5 252 2
14.4922 -7.5 284 2
-9 16 245 2
15 9 246 2
-17 12.9922 280 2
15 8.9407e-07 270 2
-5.5 27.4844 256 2
11.4922 -4.5 267 2
0.999512 -5 311 2
-10 18.9844 293 2
7.99609 -1 290 2
-3.5 21.4844 287 2
16.5 0.5 288 2
7.5 8.5 319 2
-4.5 14.4922 263 2
-15.5 31.5 235 2
11.9922 1.99902 290 2
-12.5 23.4844 299 2
-6.5 31.4844 207 2
-9.5 24.5 190 2
-5.5 27.4844 268 2
-8 27.9844 256 2
9.5 12.5 285 2
15.5 -8.5 318 2
-3.5 30.4844 328 2
2.49805 31.4844 315 2
-8.5 17.4844 327 2
-3 31.9844 303 2
18.4844 13.4922 343 2
0.499756 23.4844 370 2
8.5 -49.5 272 2
8.99219 -32 291 2
11.9922 -33 180 2
22.9844 -39 215 2
18.4844 -0.5 295 2
10.9922 -1 335 2
20.4844 -47.5 260 2
7.99609 -37 299 2
7.99609 -22 102 2
31.9844 -33 132 2
-3 46 118 2
-8.5 31.4844 113 2
11.9922 -38 188 2
2.49805 -46.5 215 2
3.49805 10.4922 113 2
7.99609 -5 130 2
3.49805 -16.5 367 2
6.99609 -13 370 2
-0.5 -34.5 316 2
0.499756 -38.5 315 2
9.49219 -7.5 375 2
12.9922 -6 403 2
28.9844 -28 334 2
5.49609 -19.5 378 2
11.9922 -37 226 2
11.4922 -12.5 242 2
28 -13.9922 151 2
21.9844 -24 202 2
30.9844 -16 271 2
3.5 -30.5 329 2
15.9922 -29 252 2
-3 -24 269 2
3.49805 2.49805 191 2
10.4922 -17.5 217 2
-17.5 31.4844 220 2
-7 10.9922 199 2
8.99219 -20 239 2
7.5 -34.5 262 2
11 -0.999512 204 2
3.49805 9.49219 211 2
-23.5 25.4844 293 2
-19.5 25.4844 242 2
-20 27.9844 350 2
-30 20.9844 303 2
-2.5 8.5 220 2
31.4844 7.49609 235 2
-18 23.9844 253 2
14.4922 -3.5 244 2
13.9922 -38 279 2
22.9844 -37 306 2
18.4844 13.4922 217 2
6.49609 -4.5 251 2
6.49609 -31.5 348 2
-9 11.9922 333 2
9.99219 -11 273 2
17.9844 -22 300 2
6 37 275 2
1.5 40.5 276 2
35 -22 305 2
18 2 350 2
8.5 38.5 279 2
8.5 35.5 291 2
7.99609 46.9688 352 2
-0.5 39.4688 368 2
-15.5 10.4922 404 2
-32.5 29.4844 358 2
-2.5 -37.5 388 2
-2 -30 389 2
-20.5 30.5 306 2
-8 28 267 2
-6.5 8.5 370 2
-14 38.9688 338 2
-6 -41 322 2
2 -38 316 2
-9.5 -21.5 254 2
5.99609 -16 244 2
8.99219 -45 333 2
21.5 -31.5 349 2
5.99609 -17 255 2
19.4844 -29.5 284 2
16.4844 8.49219 273 2
32.5 -41.5 335 2
3 45 312 2
1.5 63.5 304 2
34 -10.9922 411 2
14 17 436 2
34.5 13.5 392 2
10.4922 -1.5 451 2
4.49609 -16.5 382 2
6.99609 -20 382 2
20.4844 -38.5 328 2
-14.5 -32.5 339 2
18 -36 417 2
31.9844 -29 449 2
11.5 -26.5 333 2
27.4844 -35.5 371 2
8.49219 -2.5 191 2
-6 30.9844 184 2
22.9844 -38 159 2
30.9844 -26 202 2
-1 43.9688 171 2
3.99805 42 174 2
-4 -18 247 2
8.49219 -24.5 240 2
22.5 -24.5 83 2
25.4844 -38.5 135 2
-1.5 6.5 63 2
3.49805 -10.5 74 2
8.49219 -48.5 193 2
-15 -53 192 2
7.49609 -24.5 94 2
-0 -14 95 2
-1.5 39.4688 186 2
-5.5 16.4844 194 2
-7.5 -29.5 252 2
1.99902 -12 232 2
5.49609 -6.5 210 2
4 -9 217 2
-3.5 7.49609 226 2
0.5 14.5 222 2
9.49219 -40.5 169 2
8.99219 -46 177 2
-2.5 -7.5 98 2
7.99609 -9 93 2
18 -36 198 2
1.49902 -32.5 223 2
20.9844 -32 122 2
0.499756 -36.5 156 2
-9.5 33.5 99 2
-13 26 94 2
11.9922 4.99609 151 2
-2 36 145 2
2.99805 33 68 2
18.9844 24 85 2
-4.5 36.4688 147 2
4.49609 32.5 143 2
15.5 -39.5 116 2
27.9844 -36 157 2
2 -6 62 2
28.4844 -19.5 95 2
19.4844 -8.5 191 2
8.99219 17.9844 218 2
22.4844 -23.5 147 2
20.4844 -33.5 203 2
15.9922 25.9844 107 2
-6.5 52.5 115 2
18.9844 31 155 2
3.49805 18.4844 196 2
-17.5 41.5 102 2
14 29 98 2
-8.5 29.4844 188 2
3.5 33.5 166 2
3.49805 19.4844 232 2
9.49219 30.4844 229 2
19.5 -23.5 223 2
36.9688 -24 263 2
5.5 45.5 237 2
-2.5 61.5 243 2
14.5 5.5 322 2
-4 29.9844 338 2
21 22 214 2
11.4922 30.4844 253 2
34.9688 5.99609 251 2
-14.5 -23.5 304 2
-6.5 37.4688 266 2
-8 25 262 2
-13.5 -41.5 292 2
9 -34 273 2
17.4844 -45.5 239 2
-16 -33 250 2
-0.5 -37.5 149 2
19.4844 -36.5 160 2
-6.5 -18.5 212 2
13.4922 -7.5 208 2
4.5 -16.5 174 2
29 -11.9922 192 2
9.49219 5.49609 269 2
10.4922 12.4922 290 2
2.99805 -21 282 2
3.99805 -24 293 2
21 16 316 2
7 24 342 2
20 -25 317 2
21 -11 351 2
3.49805 -2.5 229 2
20.4844 5.49609 240 2
18.5 -12.5 239 2
7.99609 -9 269 2
36.4688 39.4688 279 2
29.5 36.5 340 2
27.5 -20.5 316 2
27.5 -19.5 363 2
8 42 111 2
-10 19 127 2
9 23 184 2
-19 23 183 2
7.49609 -1.5 134 2
21.9844 -27 159 2
-11 16.9844 160 2
-7.5 2.49805 140 2
-2 48.9688 248 2
-20.5 40.4688 236 2
-3.5 45.4688 340 2
-20 49.9688 331 2
-23.5 31.4844 195 2
-17 22.9844 163 2
-39.5 47.5 283 2
-36 21.9844 220 2
16 -32 194 2
17.4844 -36.5 232 2
11.9922 13.9922 147 2
14.9922 11.9922 170 2
12.9922 -35 272 2
33.4688 -26.5 302 2
15.9922 -15 214 2
28.4844 -12.5 251 2
20.9844 -8 156 2
17.9844 8.99219 197 2
-7 7.99609 158 2
40.5 -18.5 176 2
-1 30.9844 216 2
18.5 4.5 226 2
31.5 -2.49805 263 2
-1.5 34.4688 279 2
-11 17.9844 277 2
-28.5 38.4688 227 2
19.5 -26.5 285 2
-11 11.9922 286 2
-16 26.9844 180 2
-17.5 16.5 148 2
-31 23.9844 245 2
-24 22.9844 184 2
29.5 -28.5 221 2
25.5 -23.5 271 2
18.4844 -16.5 168 2
32.9688 -17 214 2
-18.5 12.4922 287 2
-25.5 25.4844 233 2
25.4844 -24.5 274 2
-23 9.99219 281 2
-6 17 110 2
-2.5 18.4844 102 2
-8 19.9844 148 2
-5 11.9922 135 2
4.99609 11.9922 106 2
-5.5 3.49805 113 2
-4 7.99609 134 2
-13.5 1.49902 124 2
-19.5 15.5 190 2
-11 15.9922 156 2
-24 15.9922 220 2
-5 14.9922 188 2
-3.5 9.49219 143 2
-6 17 129 2
-3.5 20.5 181 2
-11.5 10.5 171 2
21.5 -17.5 138 2
30.4844 -15.5 177 2
9.99219 7.99609 117 2
15 -14 151 2
23.4844 -17.5 230 2
8 -18 274 2
12.9922 -18 187 2
24.4844 -13.5 219 2
2.49805 22.4844 153 2
-0.5 21.4844 149 2
9.49219 14.4922 190 2
-4 21 192 2
13.4922 11.4922 166 2
24 2 203 2
12 13 194 2
7 1 222 2
-17 28.9844 256 2
-6.5 33.5 226 2
13.9922 -18 269 2
2.49805 12.4922 280 2
-9.5 18.4844 222 2
-19.5 10.4922 201 2
-18 21 265 2
-16 19.9844 230 2
14.9922 0.999512 241 2
9.99219 -18 285 2
-1 -19 239 2
8.49219 -25.5 238 2
1.49902 -4.5 297 2
-13 24.9844 269 2
35.4688 -9.5 263 2
12.9922 9.99219 307 2
0.599609 2.34961 105 4
12.9922 -2 118 2
-4 14 131 2
17.4844 -1.5 118 2
8 13 159 2
-1 11.9922 121 2
-5 4.99609 119 2
-7.5 9.49219 145 2
-2 7 133 2
11 6 122 2
33.9688 -7 162 2
23.5 8.5 133 2
17.4844 20.4844 179 2
-4.5 5.5 128 2
-3.5 3.49805 123 2
-10.5 21.5 150 2
-10.5 10.5 140 2
-0.5 3.49805 114 2
-7.5 28.5 101 2
-5 13.9922 123 2
7 1 124 2
-3.5 18.4844 193 2
-13.5 26.5 168 2
10.5 16.5 214 2
-13 22.9844 224 2
-12 13 152 2
-2.5 8.5 133 2
-30.5 10.4922 191 2
-2.5 2.49805 144 2
-3 19 169 2
-7 25.9844 158 2
-3 23.9844 206 2
-2.5 17.4844 202 2
11.4922 15.4922 151 2
25 -2.99805 200 2
-7.5 15.5 195 2
17.4844 4.49609 200 2
-8 27.9844 248 2
-10.5 15.5 242 2
-17 15 319 2
-14.5 18.4844 282 2
3.49805 16.4844 220 2
11.4922 30.4844 230 2
8 24 258 2
11.9922 12.9922 287 2
13.4922 4.49609 245 2
-16 -3 257 2
23.9844 -2 246 2
-25.5 8.49219 259 2
-30.5 -4.5 208 2
0.5 3.5 145 2
-33.5 8.49219 205 2
-5.5 -3.5 149 2
9 16 260 2
-29 -16 269 2
-26.5 -4.5 297 2
-24.5 -3.5 240 2
-29.5 -13.5 205 2
-11 -1 150 2
-23 -2 183 2
-5.5 -2.5 150 2
15.5 18.5 214 2
-13 1.99902 238 2
-11.5 -34.5 240 2
0.5 -22.5 217 2
-10 -20 227 2
-12.5 -25.5 216 2
-30 -2 198 2
-5.5 -17.5 158 2
-19 -19 186 2
12.4922 -21.5 167 2
-15 -19 150 2
20.4844 -12.5 129 2
-15 -6 176 2
-4.5 -8.5 132 2
-21 -19 156 2
-9.5 -25.5 108 2
1.49902 -25.5 194 2
20.5 3.5 199 2
19.4844 -6.5 152 2
13.4922 -16.5 191 2
33.5 -12.4922 250 2
-10.5 -32.5 313 2
21.5 -15.5 222 2
-6.5 -6.5 250 2
20.4844 -5.5 138 2
12.5 -8.5 176 2
17.9844 -36 117 2
1.99902 -38 140 2
13.4922 -17.5 197 2
-6.5 -22.5 232 2
15.4922 -33.5 150 2
5 -24 179 2
-7.5 -18.5 105 2
27.4844 -15.5 100 2
-4.5 -23.5 65 2
17.4844 -18.5 70 2
-21 -12 132 2
-18 -6 75 2
-17.5 -22.5 92 2
2.49805 -4.5 50 2
-0.5 10.5 29 2
2.99805 -3 38 2
5.99609 23 58 2
-13.5 24.5 57 2
-9.53674e-07 -10 45 2
25.9844 7.99609 48 2
10 20 42 2
19 16 70 2
1.49902 -15.5 61 2
1.49902 -22.5 67 2
4.5 21.5 47 2
-2 21 54 2
25.9844 -26 90 2
6.99609 -31 128 2
3.5 1.5 54 2
3.49805 -3.5 65 2
21.9844 23 92 2
-17 20.9844 115 2
25 4 121 2
-10.5 18.4844 148 2
-8 19.9844 79 2
11.4922 10.4922 82 2
-6.5 23.5 117 2
14.5 26.5 106 2
-10.5 -36.5 301 2
-0 -27 278 2
-20.5 -20.5 236 2
3.5 -30.5 217 2
11 -16 283 2
-1.5 -16.5 306 2
18.9844 -17 237 2
-0 -28 261 2
-31.5 -19.5 200 2
10.4922 -23.5 158 2
-22.5 -8.5 166 2
9.5 4.5 121 2
23 -23 197 2
-4 -20 211 2
20.9844 -17 165 2
-12 -12 191 2
-21 -9 285 2
-18 -8 231 2
-10 -13 253 2
-20.5 3.49805 208 2
-31.5 -3.5 187 2
2.49805 6.49609 143 2
2.49805 26.4844 168 2
0.499756 36.5 172 2
-11.5 -32.5 218 2
-2 -24 194 2
-18 -12 165 2
-0.5 -15.5 149 2
6.99609 -17 205 2
19.9844 -1 222 2
22.9844 -12 161 2
11.9922 -13 211 2
-13 -26 136 2
10.9922 -28 113 2
-0.5 -5.5 68 2
0.5 -11.5 70 2
12.4922 -15.5 129 2
4.49609 -13.5 158 2
17.4844 -20.5 93 2
5.49609 -25.5 122 2
5 32 95 2
-27 35 87 2
-5 6.99609 154 2
-28 -5 130 2
1.5 1.5 66 2
3.99805 -8 75 2
17.4844 32.5 77 2
-14 24.9844 101 2
-28.5 -5.5 145 2
22.9844 1.99902 115 2
-10 -21 117 2
32.5 0.499756 117 2
19.4844 4.49609 160 2
-11.5 -22.5 195 2
-5 -12 169 2
-4 -12 150 2
10.9922 -5 78 2
15.5 -26.5 118 2
-4.5 6.49609 77 2
2.99805 0.999512 75 2
-4 -23 133 2
21.4844 -12.5 119 2
8.49219 -4.5 82 2
10 -7 103 2
-25 12.9922 81 2
20.5 -4.49609 60 2
-30.5 16.5 119 2
3 6 69 2
15.5 -14.5 122 2
15.9922 -16 144 2
12.9922 -4 91 2
18 -1.99902 125 2
-11.5 5.49609 136 2
-29 4.99609 93 2
1 13 147 2
-42 25 112 2
24 -6.99609 76 2
22.4844 -0.5 120 2
10.4922 -3.5 59 2
18.9844 -24 109 2
21.4844 -18.5 175 2
28.9844 -22 222 2
14.4922 1.49902 155 2
18.5 5.5 198 2
42.9688 -24 294 2
15.9922 -13 356 2
54.9688 -15 249 2
28.9844 -18 340 2
22 -1.99902 152 2
17.9844 -19 208 2
17.9844 -27 141 2
10.4922 -20.5 171 2
23 -17 252 2
17.9844 -27 304 2
25.4844 -21.5 205 2
11.4922 -18.5 248 2
16.9844 7.99609 161 2
-20.5 33.4688 170 2
31.5 -9.49219 157 2
10.5 14.5 210 2
-46.5 34.5 117 2
-6 2.99805 72 2
-33 50.9688 193 2
-39.5 54.5 129 2
23.9844 -3 144 2
21.4844 -17.5 207 2
14.9922 8.99219 144 2
7.99609 -1 181 2
-4.5 -26.5 242 2
-28 -7 215 2
-10 -9 191 2
-11 -18 176 2
14.5 -31.5 89 2
28.4844 -26.5 116 2
-12 30 69 2
3.49805 -9.5 71 2
19.4844 -23.5 167 2
5 -32 203 2
23.9844 -26 110 2
16.4844 -10.5 142 2
-21.5 10.4922 158 2
-31.5 17.5 104 2
-8.5 -6.5 151 2
-10.5 12.5 130 2
19.5 -10.5 72 2
24.4844 -18.5 123 2
-20.5 17.5 81 2
27.9844 -22 79 2
22.9844 -9 394 2
-21.5 8.49219 415 2
18.9844 -2 382 2
0.999512 12.9922 409 2
-39 17 355 2
-50.5 20.4844 269 2
-30 22 382 2
-46 21.9844 309 2
26.4844 -32.5 344 2
36.4688 -27.5 395 2
32 -28 278 2
27.4844 -30.5 344 2
-9.5 8.5 423 2
-39 43.9688 364 2
13.4922 -36.5 403 2
-9 -12 412 2
-25.5 14.4922 188 2
17.4844 -3.5 159 2
-34.5 21.4844 228 2
-18 14.9922 175 2
49.4688 -30.5 225 2
25.9844 -23 305 2
40.9688 -16 176 2
12 -34 256 2
-46 39 283 2
-26 16.9844 210 2
-48 21.9844 355 2
-39 32 254 2
-1.04904e-05 6.99609 179 2
6.5 -14.5 196 2
-0.5 21.4844 200 2
16264 16296 -7937 2
27.9844 -33 224 2
29.4844 -25.5 282 2
28.4844 -3.5 177 2
23.4844 -9.5 236 2
10.9922 -34 340 2
11.4922 -35.5 360 2
6.99609 -22 277 2
10.4922 -31.5 287 2
27.4844 -12.5 174 2
11.9922 -25 226 2
13.4922 -10.5 158 2
-1.5 -37.5 178 2
-4.5 -29.5 239 2
6 -26 228 2
-3.5 -48.5 179 2
12.9922 -23 174 2
-11.5 -15.5 364 2
-29 28.9844 311 2
2.49805 -39.5 312 2
-2.5 -33.5 316 2
-7 45.9688 247 2
16264 -16208 8385 2
3.49805 -19.5 296 2
11.4922 -18.5 310 2
2 -25 239 2
2 -25 244 2
4.49609 -21.5 189 2
0.999512 -17 201 2
0.499756 -34.5 247 2
7.49609 -29.5 262 2
-6 -21 192 2
9.99219 -19 202 2
25.4844 5.49609 162 2
9.99219 20.9844 202 2
11.5 11.5 184 2
17.4844 -0.5 228 2
-20 9.99219 204 2
-15.5 5.49609 163 2
-17 30 226 2
-25.5 27.4844 190 2
-12.5 16.4844 232 2
8.49219 -1.5 237 2
-5.5 -27.5 231 2
13 -15 220 2
-17 -16 249 2
-20 -14 212 2
-4 6.99609 237 2
-23 24 210 2
-7 -4.17233e-07 144 2
3.49805 -3.5 138 2
-14.5 8.49219 151 2
-4.5 -2.5 139 2
-26 8.99219 130 2
-9.5 6.5 85 2
-0 0 137 2
-11 26.9844 116 2
-15 5.99609 160 2
-6 8 136 2
-9.5 12.5 177 2
-9.5 7.5 157 2
-1.5 -1.5 133 2
0.999512 -8 131 2
9.99219 29.9844 142 2
-13.5 37.5 148 2
5.49609 -15.5 169 2
18.9844 -3 185 2
22.9844 9.99219 150 2
17.9844 -1 199 2
17 -1.99902 223 2
-18 -2 244 2
14.4922 0.499756 236 2
-20.5 6.49609 241 2
9.49219 -14.5 167 2
16.5 -18.5 180 2
17.4844 -5.5 126 2
24.9844 9.99219 157 2
27.9844 -7 219 2
-6.5 15.4922 250 2
27.4844 -3.5 213 2
8 -12 267 2
-22 -1 201 2
9.49219 9.49219 168 2
-12 10 195 2
12 21 185 2
16.4844 12.4922 196 2
-11 23.9844 209 2
22.9844 13.9922 212 2
-6.5 14.4922 248 2
-13 22.9844 219 2
18 7 219 2
-6 14.9922 262 2
0.5 21.5 247 2
18.9844 13.9922 248 2
-10 0.999512 281 2
9.99219 9.99219 270 2
-25.5 -4.5 280 2
20.4844 -32.5 105 2
-15 -29 124 2
-12 46 92 2
-2 40 87 2
4.49609 -27.5 97 2
17.4844 -15.5 130 2
-7.5 35.5 65 2
29.9844 -9 92 2
-0.5 -12.5 137 2
-1.5 -0.5 131 2
-22.5 17.4844 127 2
-4 -19 123 2
-19 -3 127 2
-2.5 -10.5 90 2
-13 -18 107 2
-2 4.99609 72 2
6.49609 -19.5 152 2
-1.5 -21.5 163 2
-2 -6 125 2
6.99609 -11 122 2
8.99219 -4 152 2
8.49219 -3.5 174 2
12.4922 -11.5 140 2
4.5 -14.5 163 2
0.5 -18.5 107 2
8.99219 -10 99 2
2.99805 -5.06639e-06 76 2
5 -5 81 2
7.99609 -9 118 2
5.5 -10.5 135 2
9.99219 -10 103 2
2.5 -10.5 118 2
-28.5 23.4844 181 2
-28.5 26.5 119 2
-28.5 16.5 225 2
-18 18.9844 163 2
1.49902 19.4844 83 2
8.99219 27 92 2
7.49609 35.4688 136 2
-11 10.9922 155 2
-29.5 -8.5 251 2
7.5 10.5 188 2
-14 1.99902 225 2
9.99219 12.9922 213 2
-6 10.9922 208 2
-20 8.99219 178 2
-22 -4 225 2
0.5 9.5 182 2
-16.5 15.4922 100 2
-3.5 4.49609 76 2
-21 14 122 2
3.5 11.5 93 2
5 -7 80 2
8 -18 92 2
-6.5 37.5 88 2
-5.5 42.5 79 2
-17 12.9922 148 2
-11.5 1.49902 116 2
-30.5 -3.5 177 2
9.99219 18.9844 111 2
19 -15 124 2
0.5 4.5 153 2
-4.5 22.4844 120 2
21.5 -7.49609 142 2
-0 0 0 32
-0 0 0 16
-0 0 0 4
-0 0 0 2
-65504 0.496094 -2 2
1.5 1.5 32766 2
16.5 5.5 5 2
-0 0 0 2
32752 32752 -16383 2
-0 0 0 2
32752 -32752 16383 2
13.5 3.5 1 2
13.4922 5.49609 27 2
7.5 -7.5 7 2
11.9922 -13 21 2
20.4844 4.49609 29 2
7.5 4.5 64 2
18 -8.34465e-07 39 2
16.4844 2.49805 74 2
5.99609 12.9922 69 2
14.5 15.5 85 2
7.99609 1.99902 106 2
11 -0.999512 124 2
2.49805 9.49219 45 2
8.99219 -8 66 2
27.5 7.5 50 2
-4 23 73 2
6.49609 -17.5 88 2
6.99609 -15 98 2
5.99609 15.9922 71 2
9.49219 14.4922 86 2
-0 0 0 4
8 1 0 2
28.5 2.5 14 2
1 -1 0 2
15.5 -10.5 12 2
-0 0 0 4
32752 -32752 16383 2
7 -6 8 2
-0 0 0 2
32752 32752 -16383 2
40.9688 3.99805 68 2
5.99609 11.9922 126 2
24 -31 54 2
7.99609 -33 102 2
4.5 22.5 121 2
9.99219 28.9844 129 2
10.9922 -29 116 2
15.4922 -30.5 140 2
17.5 5.5 20 2
5 5 57 2
59.5 20.5 21 2
12.5 50.5 80 2
3.49805 2.49805 68 2
13.9922 -17 88 2
-10.5 33.5 104 2
-1.5 30.4844 84 2
-0 0 0 16
-0 0 0 4
-0 0 0 2
65504 0.499756 0 2
-0 0 0 2
-0 0 0 2
-0 0 0 4
-0 0 0 4
64.5 -15.5 19 2
29.4844 -11.5 154 2
17.5 -17.5 -32761 2
47.4688 -51.5 107 2
-6.5 21.4844 177 2
-9.5 42.4688 153 2
16.4844 -18.5 164 2
27.4844 -6.5 193 2
-0 0 0 2
16384 -16384 -24579 2
-0 0 0 2
-0 0 0 2
72.9375 -43 111 2
23.4844 0.499756 185 2
-16376 -16376 -8201 2
-9.5 -1.5 205 2
-0 0 0 8
-0 0 0 2
-0 0 0 2
4 5 -2 2
32768 -32736 16379 2
-12232 -5728 -24156 4
10 -4 2 2
16.5 -9.5 24 2
32752 -32752 16383 2
10 1.19209e-07 6 2
27.4844 -16.5 76 2
-14.5 -8.5 89 2
27 -12.9922 43 2
-17 -11 75 2
-0 0 0 32
-0 0 0 16
-0 0 0 8
1.07422 -0.574707 0 4
12.5 -11.5 23 2
-1.5 -12.5 43 2
7 1 9 2
2.99805 1.99902 19 2
-0 0 0 2
0.5 -0.5 0 2
-3 0.999512 2 2
-32736 -32736 -16390 2
14 16 22 2
12.4922 40.5 36 2
23.4844 6.49609 58 2
10.4922 -2.5 103 2
-0 0 0 2
-0 0 0 2
-0 0 0 2
3.50391 3.5 32765 2
-32752 32768 16382 2
-32736 -32736 -16389 2
8.49219 23.5 7 2
15.5 3.5 48 2
-0 0 0 2
25 -4.99609 2 2
-0 0 0 2
32768 32752 -16382 2
-5.5 -18.5 50 2
-24 -22 44 2
-2 -12 13 2
32752 -32768 16385 2
8 39 28 2
1.5 24.5 58 2
-13 -44 82 2
18.5 -47.5 87 2
7 10 67 2
11.4922 6.49609 85 2
15 1 102 2
6.49609 22.4844 118 2
-4912 -11464 -28673 4
21.5 -31.5 34 2
42.4688 -49.5 123 2
-65504 -1.49902 -1 2
29.5 -21.5 43 2
-0 0 0 16
-0 0 0 8
-0 0 0 4
32768 32752 -16383 2
13.5 -12.5 18 2
32752 32752 -16383 2
21 5 0 2
-0 0 0 4
65504 0.00390434 0 2
31.5 1.5 2 2
-0 0 0 2
-65504 -5.00391 1 2
-0 0 0 8
-0 0 0 4
-0 0 0 2
-65504 0.496094 -2 2
-0 0 0 2
-65504 13 -9 2
-0 0 0 4
-0 0 0 2
-49056 16328 -8172 2
-0 0 0 2
16384 16384 8192 2
-4.5 18.4844 102 2
-7 18 95 2
2.49805 -2.5 145 2
-1.5 15.5 136 2
8.99219 29 79 2
9.5 15.5 102 2
5.49609 23.4844 134 2
22 32 152 2
11.4922 -16.5 118 2
3.5 -16.5 137 2
0.499756 10.4922 101 2
10.5 10.5 110 2
14.9922 -17 150 2
21.9844 -16 188 2
4.5 1.5 129 2
17.9844 -11 154 2
19.4844 8.49219 129 2
8.99219 5.99609 167 2
8.99219 51.9688 177 2
10.9922 47 201 2
-5 32 164 2
0.999512 15.9922 159 2
-1.5 35.4688 227 2
-22.5 26.5 210 2
26.4844 -12.5 239 2
27 8 271 2
19.4844 -34.5 206 2
37.4688 -44.5 245 2
-4 14 302 2
-26.5 37.4688 267 2
20.9844 -18 310 2
-8.5 6.49609 327 2
-2.5 28.4844 142 2
3.5 24.5 142 2
10.5 -23.5 160 2
11.9922 -12 171 2
5.49609 31.4844 150 2
2.49805 25.4844 157 2
11.5 -1.49902 198 2
11.9922 29.9844 199 2
18.5 -17.5 112 2
13.9922 -11 146 2
7.49609 16.4844 90 2
16.9844 -1.84774e-06 117 2
17 -10 176 2
42 -17 226 2
11 -13 157 2
24.9844 -18 195 2
15.4922 13.4922 172 2
42.9688 33 193 2
22.9844 54 207 2
6 36 263 2
13 -3.99805 301 2
3 -0.999512 326 2
17.4844 11.4922 291 2
-3.5 16.4844 324 2
16.4844 -7.5 299 2
2.99805 -6 333 2
20 -33 258 2
18.9844 -23 296 2
14.5 5.5 333 2
-15.5 -3.5 364 2
14.9922 -14 326 2
-6 6.99609 353 2
-22 -2 160 2
-5.72205e-06 13.9922 113 2
-15.5 19.4844 164 2
7.49609 19.4844 144 2
14.5 10.5 131 2
-28.5 -2.5 140 2
-13 -4 170 2
-21.5 -3.5 129 2
-22 40 218 2
-16.5 11.5 196 2
-24 24 293 2
-18 41.9688 231 2
-14.5 10.4922 162 2
-12 18 137 2
-7.5 37.5 198 2
-18.5 19.5 184 2
7.49609 16.4844 97 2
-8.5 21.4844 103 2
23.4844 2.49805 110 2
-2.5 14.4922 143 2
-1.5 18.5 86 2
8.5 2.5 95 2
-3.5 17.5 135 2
-11.5 5.49609 117 2
1.99902 1.99902 120 2
25.9844 -6 145 2
-19 4.99609 143 2
30.4844 16.4844 134 2
-10 3.99805 167 2
-20.5 10.5 125 2
-11.5 6.49609 187 2
-28 1.99902 148 2
-10.5 -0.5 324 2
-10 -1.06096e-05 298 2
-26.5 -0.5 317 2
-11 -25 276 2
-22 -1 275 2
-38.5 -3.5 215 2
-15 -22 258 2
-29 -8 207 2
-34 -5 322 2
-21 9.99219 248 2
-13.5 25.4844 319 2
-28 18.9844 288 2
-20.5 1.49902 219 2
-9.5 8.5 178 2
-19.5 14.4922 235 2
3.99805 29.9844 201 2
0.999512 8.99219 145 2
20.5 5.5 166 2
3 4 151 2
19 5 184 2
-13 3.99805 195 2
-25 8.99219 153 2
-20 -4 201 2
-22 -2 157 2
19.9844 29 167 2
-4 9.99219 210 2
4.99609 19.9844 223 2
-17.5 2.49805 231 2
-15.5 -3.5 196 2
-8 14 162 2
-2.5 16.4844 190 2
-8 21.9844 190 2
-7.5 41.4688 143 2
-2 19 137 2
1.49902 25.4844 215 2
-12.5 44.4688 197 2
-1 5.99609 148 2
25.5 3.5 164 2
4.99609 45.9688 180 2
19.4844 23.5 202 2
-3 -29 230 2
-9.53674e-06 -37 224 2
-15.5 -25.5 185 2
-5.5 -30.5 162 2
1.5 -32.5 229 2
1.5 -38.5 230 2
-1.5 -21.5 158 2
5.49609 -23.5 149 2
16.9844 12.9922 217 2
25.9844 9.99219 250 2
11 -0.999512 251 2
-10.5 -28.5 278 2
11.9922 -9 306 2
21.4844 -25.5 348 2
4.99609 -31 269 2
18 -38 290 2
-2 -43 235 2
-10 -28 222 2
3 -23 160 2
-5.5 -21.5 166 2
7.5 -32.5 205 2
18.4844 -20.5 230 2
13.9922 -24 158 2
20.9844 -15 184 2
-25 -4 148 2
-5.5 -12.5 106 2
-14 -18 129 2
-12 -12 90 2
8 -11 114 2
3.99805 -13 110 2
5.49609 -23.5 91 2
5.99609 -11 82 2
-6.5 -30.5 82 2
-6.5 -17.5 60 2
-7 -4 39 2
9.99219 8 28 2
0.499756 -16.5 55 2
7.49609 -17.5 56 2
3.49805 23.5 37 2
-7 13 44 2
-2 -19 128 2
4.49609 -19.5 114 2
-9 -9 95 2
15 -14 86 2
21.4844 -0.5 114 2
13.4922 -4.5 163 2
15.4922 -24.5 120 2
9.99219 -20 148 2
-3.5 -15.5 66 2
3.99805 -8 56 2
8.49219 7.49609 39 2
11.9922 15 51 2
14.9922 -15 69 2
11.4922 -26.5 101 2
-0.5 16.4844 73 2
-5.72205e-06 14.9922 65 2
-16 -13 359 2
-18.5 5.49609 316 2
-17.5 -33.5 309 2
8.49219 -36.5 285 2
-4.5 29.4844 267 2
-0 26 265 2
3 -34 292 2
16.4844 -13.5 302 2
-18 -18 255 2
-4.5 -28.5 219 2
-15.5 -16.5 211 2
-9 -21 172 2
6.49609 -24.5 216 2
34.4688 -29.5 240 2
6.49609 -14.5 171 2
23.9844 -18 192 2
-10 15 268 2
-9.5 27.4844 240 2
-2.5 22.5 308 2
-4.5 36.5 292 2
2 25 228 2
-17.5 19.4844 236 2
-17.5 19.5 288 2
-22 -2 268 2
28.9844 -27 308 2
5.5 -5.5 348 2
31.5 -33.5 253 2
40 -34 328 2
-37 5.99609 326 2
-27 -3 260 2
-26.5 20.4844 331 2
-27 31.9844 274 2
-15.5 -18.5 180 2
-9.5 -14.5 137 2
-16 -11 145 2
8.99219 13.9922 108 2
12.5 -17.5 139 2
34 -5.99609 166 2
17 26 134 2
23.4844 10.4922 174 2
0.499756 -14.5 103 2
25.9844 0.999512 115 2
8.5 -1.49902 77 2
15.4922 -20.5 104 2
9.49219 -13.5 163 2
14.5 -9.5 180 2
9 -30 129 2
5.49609 -40.5 158 2
20.4844 6.49609 219 2
26.9844 -12 271 2
8.99219 -15 232 2
3.49805 -28.5 254 2
8.49219 -33.5 330 2
2.99805 -4 323 2
7.99609 -22 267 2
5.49609 -35.5 282 2
-2.5 -20.5 199 2
11.9922 -16 187 2
3.5 -19.5 152 2
12.9922 -15 158 2
5.99609 -24 219 2
6.99609 -17 220 2
-9.53674e-06 -16 179 2
21.5 0.5 176 2
13 -12 129 2
18 -22 161 2
9 10 114 2
10.9922 1.99902 130 2
18.4844 -25.5 201 2
22.9844 -23 232 2
21 -10 161 2
20.5 -15.5 206 2
17.9844 -6 119 2
4.49609 5.49609 146 2
13.4922 -1.5 108 2
18 1 141 2
-0.5 2.5 151 2
13 -11 167 2
15.9922 24.9844 164 2
-2 32.9688 176 2
7.49609 -20.5 272 2
11.9922 -12 287 2
1.99902 -28 236 2
17.9844 -31 247 2
-4.5 1.49902 303 2
-19.5 1.49902 275 2
8.5 -24.5 282 2
4.99609 16.9844 283 2
8.49219 9.49219 178 2
9.5 5.5 194 2
25 22 206 2
6.49609 36.5 227 2
28.4844 -10.5 229 2
23.4844 -6.5 289 2
7.99609 27.9844 241 2
22 14 277 2
5.99609 5.99609 115 2
22.9844 9.99219 140 2
-3.5 1.49902 119 2
27.4844 -19.5 145 2
20.9844 -4 210 2
6.99609 12.9922 235 2
11.5 -26.5 195 2
9 -33 227 2
-17.5 7.49609 139 2
12 14 123 2
-28 17.9844 163 2
11.4922 -6.5 137 2
6.49609 -0.5 149 2
11 -1.99902 167 2
12.5 -3.49805 162 2
16.9844 -1 190 2
11.9922 9.99219 252 2
13.4922 -2.5 278 2
13.5 -37.5 239 2
10.4922 -22.5 260 2
11.9922 8.99219 302 2
7.99609 17.9844 323 2
26.9844 -15 287 2
20.4844 -5.5 335 2
25.9844 11.9922 182 2
22 13 225 2
12.9922 -6 220 2
14.9922 -6 249 2
22.5 -2.49805 274 2
16.9844 -8 322 2
5.99609 -15 278 2
17 -18 301 2
4.5 14.5 234 2
-15 4.99609 244 2
-7 20.9844 275 2
-16.5 15.5 261 2
-6 9.99219 209 2
1.49902 15.4922 210 2
-5 7.99609 239 2
-24.5 -17.5 239 2
-3.5 12.4922 307 2
-15.5 16.5 294 2
6.5 5.5 332 2
-35.5 -3.5 328 2
-34.5 -4.5 260 2
-16.5 -8.5 195 2
-39.5 -3.5 254 2
5.99609 7.99609 184 2
-38.5 4.49609 185 2
20 -2.99805 144 2
-21 -3 171 2
23.9844 22.9844 153 2
-21.5 3.49805 160 2
30.5 7.5 132 2
-24.5 23.5 181 2
15.9922 2.99805 145 2
21.5 27.5 162 2
18.9844 26 201 2
26.9844 5.99609 205 2
18.9844 6.99609 249 2
-22.5 22.4844 229 2
-19 11 182 2
-20 4.99609 273 2
-33 1.99902 210 2
-13.5 -3.5 343 2
-34 -14 308 2
-18 15.9922 350 2
-30 10.9922 299 2
-19 -2 236 2
15.4922 24.4844 202 2
-9.5 9.49219 238 2
25.4844 2.49805 243 2
0.999512 0.999512 359 2
-33 7.99609 326 2
17.5 -18.5 346 2
-18.5 6.49609 342 2
-15.5 12.4922 268 2
18 19 256 2
-9.5 17.4844 293 2
8.49219 6.49609 287 2
15.4922 24.4844 231 2
15.4922 18.4844 265 2
8.49219 11.4922 291 2
-2 14.9922 309 2
-29 3.99805 282 2
-20 16 211 2
-24 17.9844 292 2
-8 20.9844 249 2
20.9844 8.99219 295 2
4 11 334 2
20.4844 8.49219 312 2
4.99609 6.99609 352 2
-21.5 11.4922 327 2
-4 9.99219 284 2
-23 1.99902 343 2
5.49609 22.4844 303 2
-22 12 192 2
-11 9.99219 145 2
-25.5 -7.5 216 2
-12.5 6.49609 161 2
13 -2.99805 146 2
8.49219 -1.5 171 2
17.9844 4.99609 148 2
10.4922 9.49219 185 2
-13 15.9922 203 2
-16 13.9922 180 2
-18 19.9844 238 2
-18 11.9922 211 2
8.99219 0.999512 157 2
17 -11 190 2
-13 12.9922 175 2
10.4922 -7.5 171 2
6.99609 -11 191 2
12.9922 -22 216 2
5.5 23.5 199 2
-1.5 31.5 201 2
12.5 -11.5 243 2
23.9844 7.99609 264 2
20 1.19209e-06 220 2
34.9688 -4 278 2
18 -15 223 2
8.99219 -5 253 2
12.4922 -13.5 191 2
27.4844 -17.5 223 2
-1 29.9844 246 2
25 1.49012e-06 269 2
12.9922 -23 274 2
10.4922 -13.5 289 2
-37 13.9922 297 2
-21 9 235 2
-1 -14 290 2
-19.5 16.5 259 2
-4 24.9844 199 2
-6 34 186 2
7 10 239 2
-6.5 15.4922 243 2
22 -15 245 2
5 -3 274 2
18.5 -3.49805 227 2
14.4922 -4.5 265 2
2.99805 13.9922 266 2
-1 10.9922 279 2
11.4922 1.49902 293 2
-2 13.9922 297 2
-5 19 179 2
17 -3.99805 187 2
-15 20.9844 223 2
-2.5 15.4922 205 2
8.5 -23.5 223 2
9.99219 -24 245 2
6 13 201 2
3.5 20.5 210 2
-15 12.9922 263 2
-6 16.9844 241 2
-3 17.9844 290 2
-17 17.9844 280 2
0.999512 8.99219 226 2
18 1 250 2
-5.5 15.4922 256 2
5.99609 2.99805 250 2
25.9844 20.9844 326 2
-1.14441e-05 20.9844 350 2
22 -15 349 2
10.5 -10.5 383 2
-20 34.9688 334 2
-0.5 19.4844 305 2
-1 12.9922 388 2
-14 32.9688 371 2
6 -27 325 2
11.4922 -30.5 345 2
-10.5 -12.5 296 2
11 -17 289 2
10.5 -34.5 367 2
10.5 -26.5 392 2
14.9922 -12 309 2
9.5 -21.5 341 2
27.4844 5.49609 328 2
-1 11.9922 376 2
6.99609 19.9844 354 2
20 8 385 2
-7 27.9844 354 2
-8 15.9922 351 2
-1.5 24.4844 411 2
-17 31.9844 398 2
0.499756 -16.5 398 2
19.9844 -8 394 2
13.4922 -6.5 348 2
24.5 17.5 382 2
14.9922 8.99219 442 2
-9 24.9844 451 2
49.5 -6.49609 442 2
-2.5 37.4688 494 2
-3.5 -18.5 256 2
10.5 -17.5 257 2
4.99609 18.9844 219 2
2 17 224 2
10.4922 -26.5 285 2
22.5 -9.5 301 2
2.99805 5.99609 241 2
25.4844 -20.5 276 2
9.99219 22.9844 274 2
7.99609 37.9688 282 2
19.9844 -22 286 2
18.4844 -10.5 317 2
-18.5 29.4844 286 2
-4 13 265 2
-3 20 333 2
-5.5 37.4688 313 2
22.4844 -2.5 339 2
30.9844 -24 405 2
23.4844 -17.5 318 2
21.9844 -29 373 2
27 -9.99219 458 2
16.5 -33.5 530 2
19.9844 -34 422 2
16 -42 467 2
17.9844 -15 280 2
22 -17 317 2
-2 38.9688 297 2
5 20 305 2
13.9922 -21 360 2
15.9922 -14 392 2
19.4844 3.49805 328 2
25.5 -5.49609 370 2
-3 -4 29 2
12 -0.999512 36 2
10.4922 11.5 23 2
11.9922 16 46 2
10.9922 -2 60 2
-7 10 73 2
13.4922 19.4844 67 2
3.49805 22.4844 89 2
15.4922 42.5 59 2
12.9922 31.9844 94 2
17.9844 -4 127 2
12.9922 5.99609 160 2
20.9844 32.9688 114 2
-4.5 31.5 151 2
22.9844 17 191 2
-2 32 218 2
7.49609 9.49219 53 2
17 10 78 2
-5 24 89 2
15.5 5.5 96 2
5.49609 15.4922 100 2
2.49805 25.5 104 2
11.4922 5.49609 125 2
5.5 8.5 143 2
-12.5 26.5 134 2
2 24 125 2
-13 40 202 2
-2.5 47.5 181 2
11.5 13.5 138 2
3.99805 12.9922 161 2
5.99609 44.9688 184 2
-1 40 197 2
21 14 117 2
21.4844 11.4922 153 2
13.4922 13.4922 151 2
12.4922 -4.5 184 2
18.4844 5.49609 209 2
4.5 -23.5 260 2
-3 -30 211 2
-2 -34 206 2
-1 -25 166 2
-7.5 -29.5 162 2
4.5 -32.5 108 2
-2 -20 105 2
-5.5 -27.5 151 2
0.999512 -25 140 2
-2.5 -19.5 96 2
-1 -17 94 2
-5.5 -19.5 256 2
1.99902 -26 256 2
0.5 -29.5 195 2
2.99805 -26 190 2
0.499756 -23.5 257 2
-0 -21 256 2
-1.5 -28.5 194 2
3.49805 -29.5 193 2
-4.5 -24.5 137 2
4 -30 133 2
4.5 -11.5 91 2
3.99805 3.99805 89 2
0.5 -18.5 137 2
7.99609 -13 137 2
13.9922 13 100 2
14.4922 18.4844 124 2
-5 24.9844 104 2
-2 27.9844 96 2
-4 7.99609 144 2
1.49902 8.49219 144 2
-0.5 21.5 94 2
-1 11 99 2
4.49609 13.4922 140 2
-7.5 18.5 137 2
-7.5 10.4922 162 2
7.5 14.5 151 2
-3.5 44.4688 194 2
3.99805 36 196 2
3 14 163 2
5.99609 12.9922 164 2
2.5 39.5 198 2
3.99805 37.9688 204 2
15.9922 -6 113 2
14.9922 0.999512 139 2
-11 29.9844 127 2
12 7.15256e-07 130 2
9.99219 7.99609 157 2
13.5 -6.49609 185 2
7.49609 -8.5 157 2
13.4922 5.49609 165 2
-6 12.9922 185 2
-8.5 24.4844 160 2
9 27 212 2
-19 35.9688 221 2
6.5 15.5 158 2
16.9844 5.99609 183 2
-7 25.9844 200 2
9 10 198 2
-4 -25 259 2
15.5 -20.5 260 2
4 -32 197 2
20.4844 -16.5 199 2
3.99805 0.999512 272 2
4.49609 34.4688 271 2
17.4844 -15.5 248 2
31 -21 294 2
18.9844 3.99805 149 2
29.9844 12.9922 190 2
28.4844 15.4922 158 2
18 6 220 2
9.49219 21.4844 241 2
18.4844 6.49609 271 2
35.4688 5.49609 261 2
5.49609 27.4844 312 2
13.4922 35.4688 274 2
-16.5 40.4688 290 2
19.4844 7.49609 332 2
9.99219 19.9844 350 2
-14.5 37.5 261 2
-0.5 31.5 231 2
-13.5 35.5 347 2
-3 41 317 2
18.9844 -19 333 2
42.5 -12.4922 370 2
14.4922 21.4844 328 2
4.99609 -16 371 2
-7.5 1.49902 415 2
-5.5 5.49609 397 2
0.999512 -32 379 2
-16.5 -28.5 376 2
13 -17 46 2
4.99609 -18 63 2
7.99609 -4.76837e-07 24 2
11.9922 13 35 2
3.5 -6.5 58 2
4.99609 12.9922 64 2
16 12 55 2
15 6 95 2
13.4922 20.5 31 2
16.5 11.5 57 2
9.49219 16.4844 72 2
14.4922 17.5 86 2
5.99609 15.9922 86 2
13.4922 11.5 105 2
15.9922 18 116 2
4.99609 23.9844 137 2
13.4922 18.5 73 2
19 9 101 2
3.99805 12.9922 121 2
10 16 125 2
9.49219 14.4922 135 2
11.9922 19.9844 163 2
22.9844 17 156 2
16.9844 20 206 2
19.4844 9.49219 144 2
5 27 163 2
17.5 15.5 154 2
17.9844 18 203 2
25 17 186 2
25 9 237 2
15.9922 27.9844 226 2
15.5 17.5 269 2
5.99609 25 104 2
19.9844 3.99805 113 2
17.4844 28.4844 151 2
11.4922 76.5 145 2
17.9844 21.9844 153 2
11.4922 25.4844 189 2
14 26 205 2
14.9922 25.9844 238 2
8.49219 27.4844 218 2
20.9844 36.9688 260 2
-0 0 -32767 2
-2.00272e-05 -9 318 2
13.9922 28.9844 261 2
-14.5 5.49609 293 2
0.499756 -11.5 314 2
-30.5 -28.5 305 2
8.49219 36.4688 199 2
22 20 235 2
3.99805 13.9922 269 2
-7.5 -7.5 281 2
6.49609 -1.5 284 2
-10 -24 296 2
-17.5 -25.5 276 2
-6 -22 241 2
-18.5 -29.5 274 2
-8.5 -32.5 251 2
-29 -10 237 2
-9.5 -18.5 188 2
-11 -16 225 2
-10.5 -18.5 203 2
2 -27 183 2
-20 -20 172 2
15 19 187 2
25 9 231 2
7.49609 22.4844 230 2
28 21 248 2
26 8 274 2
13 -7.99609 337 2
7.49609 11.4922 305 2
-16.5 -25.5 328 2
14.4922 21.4844 280 2
2.99805 -1 314 2
-7.5 -19.5 318 2
-23 -23 303 2
-17 -32 323 2
-23.5 -24.5 278 2
-19 -28 263 2
-15 -27 223 2
-18 -31 353 2
-7.5 -35.5 326 2
-20.5 -28.5 292 2
-3 -26 257 2
6.49609 -34.5 316 2
-23 -33 313 2
-0.5 -29.5 258 2
-15.5 -31.5 251 2
-15 -21 236 2
-10.5 -24.5 214 2
-17 -30 194 2
-7 -17 163 2
-2.5 -23.5 200 2
-4 -20 181 2
-4.76837e-06 -11 152 2
19.9844 17 152 2
-14.5 -28.5 276 2
-18.5 -21.5 254 2
-7 -20 223 2
-18 -26 211 2
-20.0625 -19.1094 208 4
-12.5 -24.5 185 2
-20 -32 159 2
-16.5 -25.5 136 2
-10 -14 95 2
-10.5 -18.5 120 2
10.9922 3.99805 92 2
5.99609 4.99609 84 2
28.9844 10 102 2
-1.5 -14.5 133 2
8.49219 6.49609 126 2
21.5 3.5 104 2
26 22 144 2
22.9844 29.9844 144 2
23 34 201 2
12 5 207 2
2.5 -31.5 249 2
32 19 118 2
13 7.7486e-07 185 2
16.4844 1.49902 157 2
-19 -22 186 2
-12 -32 197 2
1 -26 182 2
1.99902 -5 141 2
17.5 19.5 148 2
15.4922 -9.5 221 2
17.4844 -11.5 249 2
8.49219 -5.5 198 2
19 -10 225 2
18.5 -4.49609 284 2
8 7 320 2
19 -14 266 2
22.9844 -14 309 2
11.9922 17.9844 211 2
7.5 21.5 229 2
23 7 228 2
15.9922 10.9922 274 2
13.4922 9.49219 252 2
25.5 9.5 288 2
10.5 29.5 294 2
16.5 22.5 316 2
-3 10.9922 322 2
-10 13 306 2
6 2 336 2
-2.5 13.4922 334 2
-3 20.9844 287 2
-7 16 276 2
-7.5 15.5 330 2
-3.5 19.4844 312 2
17.4844 5.49609 337 2
7.49609 12.4922 357 2
14.5 32.5 350 2
23.5 37.5 387 2
0.5 26.5 365 2
-8 30 360 2
4 42 423 2
-6.5 41.5 425 2
22.4844 20.4844 250 2
15.9922 16.9844 294 2
3.49805 39.4688 312 2
12 35 326 2
7.99609 2.99805 332 2
22.4844 3.49805 352 2
7.5 32.5 346 2
21 24 380 2
-6 -12 392 2
-4.5 -31.5 388 2
-19 -33 343 2
-10 -32 314 2
-3 -38 386 2
4.49609 -48.5 387 2
-9 -39 306 2
3.49805 -26.5 293 2
27 11 392 2
39.4688 23.4844 442 2
8.49219 -14.5 435 2
7 -47 465 2
-1.0252e-05 1.99902 511 2
2.99805 3.99805 510 2
3 -40 474 2
16160 16120 -7592 2
-12.5 -48.5 386 2
20.4844 -30.5 364 2
18.9844 7.99609 293 2
36.4688 36.5 331 2
17.9844 -1 389 2
16152 -16152 24690 2
26 25 405 2
39.4688 10.4922 466 2
3.49805 17.4844 270 2
17.4844 -3.5 291 2
0.5 21.5 306 2
2.5 21.5 310 2
22.4844 -19.5 337 2
5 -1.99902 370 2
11.4922 18.4844 318 2
21.4844 4.49609 352 2
-2.09808e-05 29.9844 348 2
11.4922 32.4688 356 2
-3.5 39.4688 418 2
5.49609 26.4844 422 2
-4.5 25.4844 373 2
16.4844 23.4844 367 2
-4.5 26.5 430 2
10.4922 33.4688 422 2
0.999512 19.9844 363 2
-10 24.9844 355 2
23.9844 10.9922 394 2
-22 27.9844 414 2
2.49805 8.49219 345 2
15.5 3.5 364 2
2 32 380 2
0.5 27.5 395 2
22.9844 12.9922 409 2
16.4844 19.4844 441 2
17.9844 31.9844 459 2
18.4844 36.4688 491 2
8.5 37.5 449 2
-0.5 45.4688 465 2
6.49609 59.4688 524 2
10.5 53.5 549 2
-4 28.9844 500 2
5.99609 46.9688 493 2
21.9844 -2 516 2
16.9844 15.9922 569 2
-1.5 56.4688 491 2
9.49219 49.4688 493 2
-11 -4 598 2
-10 -15 577 2
-32208 10.9922 32763 2
-18 -15 594 2
15.9922 -2 537 2
-41 -20 558 2
-10 -51 563 2
-31.5 -46.5 540 2
-27 -26 481 2
-9 -25 440 2
25.4844 36.4688 525 2
-3 6.99609 580 2
-12 -39 568 2
-9 -45 553 2
16104 16056 -7441 2
16064 16064 8663 2
6.5 -32.5 532 2
16136 -16136 24700 2
-16 -34 488 2
2 -30 461 2
-15 -21 421 2
14.5 -11.5 398 2
19.5 -19.5 464 2
32288 -7.49609 473 2
9.99219 -10 434 2
16144 -16248 8532 2
-7.5 -27.5 271 2
-4 -20 251 2
0.499756 -24.5 214 2
19 9 208 2
16.9844 2.99805 235 2
30.4844 26.4844 266 2
34 25 248 2
29.9844 28.9844 320 2
21.4844 6.49609 171 2
34 11 228 2
36.9688 25.9844 190 2
29.9844 28.9844 258 2
39.4688 17.4844 288 2
9.99219 -18 377 2
6.49609 -7.5 336 2
-1.5 -24.5 341 2
31.5 29.5 330 2
32.5 21.5 398 2
27.9844 21.9844 385 2
26.4844 4.49609 442 2
14.9922 22.9844 457 2
24.9844 20.9844 510 2
20.9844 -17 500 2
1.99902 -12 545 2
20.5 -27.5 404 2
-6.5 -27.5 436 2
11.9922 -20 352 2
6.99609 -32 376 2
26 -33 447 2
-0 0 -32767 2
20.4844 -13.5 396 2
-0 0 -32767 2
21 12 258 2
3.99805 -25 307 2
-4.5 -34.5 253 2
-3.5 -37.5 251 2
-13.5 -29.5 309 2
4.99609 -32 288 2
-0.5 -30.5 234 2
11.9922 -7 225 2
4.49609 -11.5 179 2
4.49609 0.499756 181 2
16 30 176 2
18.9844 41 201 2
16.9844 21.9844 188 2
23.4844 22.4844 227 2
13.5 31.5 245 2
18.9844 27.9844 280 2
7.99609 -36 309 2
12.5 -22.5 317 2
21 14 243 2
26.5 21.5 285 2
11 11 16557 2
-5 -32352 -32765 2
29 11 349 2
-34.5 -20.5 402 2
35.4688 28.4844 277 2
13.4922 10.4922 344 2
17.4844 -2.5 334 2
-24 -32 362 2
-11.5 -32.5 375 2
-27.5 -30.5 345 2
-21.5 -35.5 309 2
-1.5 -32.5 268 2
-14.5 -9.5 560 2
-47.5 -31.5 526 2
-30.5 -24.5 541 2
-50.5 -24.5 469 2
-27 -24 430 2
-1.5 -24.5 381 2
-26.5 -34.5 382 2
-2 -25 331 2
-40 -30 484 2
-39.5 -29.5 392 2
-30.5 -39.5 417 2
-25.5 -19.5 336 2
-25.5 -24.5 319 2
32496 -14.9922 275 2
-41.5 -25.5 283 2
16288 -16264 8345 2
-5.5 -17.5 371 2
17.5 -12.5 373 2
16224 16208 -7788 2
30.4844 6.49609 346 2
-27.5 -26.5 412 2
-19 -20 338 2
-47.5 -10.5 383 2
-17 -14 299 2
9 -32448 32764 2
-16192 -16232 24668 2
9 -25 285 2
3 -31 292 2
-24.5 -18.5 347 2
-31.5 -9.5 280 2
-2.5 -31.5 293 2
-18.5 -4.5 265 2
-42.5 -18.5 361 2
-34.5 -24.5 291 2
-34.5 -13.5 318 2
-28 -17 245 2
-21.5 -12.5 224 2
34.4688 -11.5 193 2
-19 -11 191 2
27 -2.99805 177 2
-30.5 -7.5 294 2
-41 -14 220 2
-17 -26 259 2
-48.5 -8.5 204 2
1.5 -12.5 155 2
5.99609 -13 179 2
0.499756 -13.5 131 2
-1.5 -23.5 142 2
-8 -20 256 2
1.99902 -25 239 2
-10.5 -18.5 217 2
-5.5 -27.5 197 2
-9 -23 237 2
12.4922 -17.5 233 2
-3 -28 184 2
1.99902 -27 194 2
-18 -24 179 2
1.99902 -9 142 2
4.99609 3.99805 124 2
17.4844 11.4922 139 2
12 16 140 2
8.99219 26.9844 153 2
16.9844 7.99609 174 2
16.5 21.5 199 2
-0 0 0 128
-0 0 0 32
-0 0 0 16
-0 0 0 8
-0 0 0 4
-0 0 0 2
16384 -16384 24576 2
-0 0 0 2
16384 -16384 8192 2
-0 0 0 4
-0 0 0 4
-0 0 0 8
-0 0 0 8
-0 0 0 16
-0 0 0 16
-0 0 0 32
-0 0 0 32
-0 0 -32767 2
-32480 -8.5 -32763 2
-0 0 -32767 2
-0 0 -32767 2
-18 -22 272 2
-18.5 -16.5 247 2
-25 -7 259 2
-26.5 -13.5 205 2
16384 -16384 8192 2
16384 -16384 24576 2
-0 0 0 2
-0 0 0 2
-32560 -8.5 -32763 2
-15.5 -10.5 195 2
-16376 -16376 -8202 2
-16 -13 153 2
-13.5 -17.5 205 2
-21 2.99805 170 2
-11.5 -21.5 169 2
-9.5 -21.5 150 2
-10.5 -14.5 138 2
-10.5 -15.5 132 2
-17 -9 116 2
-2 -18 93 2
-27.5 9.49219 145 2
-11 -10 110 2
-7 -22 134 2
-20.5 -7.5 104 2
-12 -11 91 2
-2.5 -6.5 63 2
-9 -9 68 2
8.49219 -2.5 51 2
-0 0 0 4
49120 16376 -8191 2
40 -65 116 2
32752 -32752 16383 2
-32704 32720 16409 2
-0 0 0 4
-0 0 0 2
-65504 -1.50293 -1 2
-0 0 0 2
0.5 -0.5 0 2
-24.5 4.49609 105 2
-12.5 -4.5 69 2
7.99609 -16 101 2
-32.5 4.49609 77 2
-3.5 -6.5 46 2
9.49219 -3.5 44 2
10.4922 -0.5 33 2
16 13 51 2
15 -33 51 2
-14.5 -16.5 61 2
9 -8 7 2
-9.53674e-07 -11 20 2
14 1 29 2
27.4844 7.49609 66 2
16.5 -6.49609 23 2
30.4844 -2.5 70 2
-17.5 -8.5 94 2
13 7 69 2
-5.5 -0.5 74 2
22.9844 10.9922 82 2
16.5 14.5 99 2
7.99609 8.99219 131 2
17 6 130 2
-21.5 -18.5 153 2
16.9844 12 63 2
16.4844 2.49805 103 2
16.5 -7.49609 78 2
-0.5 -17.5 105 2
-7.5 -18.5 137 2
-7.5 -8.5 109 2
-9 -15 98 2
13.4922 1.49902 82 2
-11 -21 154 2
5.5 -7.5 129 2
5.5 7.5 112 2
30.9844 26 124 2
26 28 135 2
30.9844 29 191 2
18.9844 25.9844 194 2
22.9844 18 242 2
15 -9 122 2
30 -12.9922 157 2
12.4922 0.499756 108 2
23 1 134 2
31.4844 -12.5 218 2
18.9844 -1 278 2
42 -3.99805 187 2
1.99902 -21 267 2
3.99805 -9 63 2
0.499756 -5.5 70 2
5.99609 22.9844 74 2
6.49609 26.5 84 2
5.99609 6.99609 67 2
18.9844 12.9922 89 2
13.4922 27.4844 97 2
12.4922 27.4844 133 2
15.5 18.5 105 2
13.4922 27.4844 128 2
22.9844 -2 125 2
23.4844 5.49609 175 2
15.4922 31.4844 151 2
10 21 188 2
6.5 2.5 210 2
-22.5 -22.5 216 2
10.9922 13.9922 113 2
14.5 13.5 143 2
10.4922 28.4844 150 2
5.99609 9.99219 183 2
34.4688 -0.5 174 2
-16 -29 234 2
-15.5 -17.5 201 2
-24.5 -26.5 170 2
-6.5 -4.5 209 2
-28 -30 195 2
-24 -36 181 2
-14 -22 138 2
-7 -25 151 2
-20 -14 127 2
-5 -7 106 2
-15 -15 99 2
-0 0 0 8
32752 -32752 16383 2
1 -0.996094 32767 2
-0 0 0 2
65504 0.00390434 0 2
16 -1 11 2
32.9688 -5 60 2
21 -4.99609 11 2
29.4844 1.49902 60 2
-0 0 0 4
7.5 -9.5 6 2
49 -5 35 2
32752 -32752 16383 2
13 -12 15 2
-0 0 0 8
-0 0 0 4
-0 0 0 2
-32752 -32768 -16384 2
-0 0 0 2
-0 0 0 2
-0 0 0 4
-0 0 0 4
28.5 -4.49609 121 2
17.9844 -16 184 2
13 -6.99609 116 2
0.499756 -26.5 152 2
-9.5 -28.5 207 2
-23 -22 173 2
-13 -28 148 2
-8.5 -24.5 120 2
5.49609 -8.5 104 2
-7 -10 115 2
17.4844 -32.5 64 2
-8 -32 85 2
-19.5 -21.5 98 2
-3.5 -19.5 67 2
-7.5 -14.5 53 2
-3 -4 37 2
-24 -13 123 2
-1.5 -18.5 91 2
-14.5 -16.5 94 2
-4 -11 64 2
1.49902 -11.5 91 2
-22 -10 80 2
-3.5 -16.5 66 2
-5.5 -4.5 49 2
-6.5 -15.5 59 2
-4.5 -6.5 42 2
2.99805 -2 30 2
4.49609 2.49805 32 2
4.5 1.5 37 2
12 12 46 2
7.49609 8.5 43 2
7.5 9.5 59 2
8 -18 18 2
-2.5 -11.5 29 2
32752 -32752 16383 2
9 -6 5 2
3 -0.999512 22 2
0.499756 -3.5 27 2
7 -0.999512 17 2
6.49609 9.5 23 2
-0 0 0 2
2.5 0.5 0 2
-0 0 0 2
-65504 1 -2 2
9.49219 7.5 23 2
5 10 40 2
10.4922 0.499756 31 2
14.5 4.5 53 2
7.27344 5.97266 25 4
2.49805 7.49609 52 2
9.49219 -1.5 69 2
3.99805 12.9922 72 2
0.5 13.5 75 2
3.49805 9.5 50 2
15.4922 6.49609 63 2
5.99609 10.9922 78 2
2.99805 12.9922 83 2
11.5 4.5 94 2
-7.5 11.5 109 2
16.9844 8.99219 99 2
9.49219 23.4844 126 2
16 32 240 2
18.4844 26.4844 273 2
12.9922 8.99219 295 2
-6 -13 323 2
-0.5 8.49219 312 2
-11 -33 327 2
-18.5 -26.5 309 2
-27 -32 263 2
-0.5 -15.5 315 2
-26 -27 299 2
-8.5 -38.5 271 2
-21 -31 247 2
-15.5 -26.5 258 2
-29.5 -15.5 214 2
-15.5 -30.5 199 2
-17 -20 169 2
-8 -42 314 2
-17 -32 289 2
-2.5 -27.5 231 2
-8.5 -25.5 223 2
-22 -25 246 2
-13 -30 212 2
-25.5 -29.5 195 2
-15.5 -26.5 146 2
1.5 -28.5 177 2
-11 -26 171 2
-5 -17 134 2
-10.5 -18.5 123 2
-21.5 -16.5 139 2
0.499756 0.499756 91 2
-8 -12 101 2
20 1 87 2
-15 -37 205 2
-11 -29 179 2
-6 -23 133 2
-7.5 -22.5 123 2
-17.5 -17.5 149 2
-1 -16 119 2
-11.5 -27.5 104 2
3.99805 -18 84 2
-9 -13 94 2
-5.5 -13.5 83 2
-9.5 -10.5 67 2
2.49805 3.49805 53 2
1.99902 0.999512 61 2
7.99609 17 64 2
12 15 57 2
12.9922 2.99805 85 2
-10.5 -6.5 106 2
-5.5 -8.5 83 2
-6.5 -12.5 87 2
15.9922 11.9922 68 2
10.4922 7.49609 75 2
11.5 7.5 99 2
7.49609 8.49219 98 2
-7 -2 109 2
-4 22 73 2
5.49609 -1.5 81 2
6 5 110 2
1 33 110 2
8.5 -7.5 91 2
17.5 11.5 105 2
4.99609 41 105 2
14 27 131 2
-12.5 -36.5 193 2
-31 -32 159 2
-6 -22 119 2
8.49219 12.4922 92 2
11.4922 3.49805 102 2
14.4922 26.4844 119 2
20.9844 19 114 2
16.9844 13.9922 161 2
11 27 88 2
14.4922 18.5 115 2
23.4844 -1.5 135 2
8.99219 14.9922 163 2
17.5 10.5 145 2
22 11 188 2
13 19 182 2
3.99805 0.999512 218 2
15.9922 22.9844 146 2
13.9922 30.9844 172 2
19.5 21.5 187 2
3.49805 6.49609 227 2
11 26 200 2
20.4844 11.4922 236 2
0.999512 -7 242 2
8.99219 -12 249 2
8 4.76837e-07 229 2
-7.5 -8.5 239 2
-1.5 -9.5 228 2
-7 -10 221 2
-2 -6 229 2
4.99609 -9 229 2
-2 -11 212 2
6.49609 0.499756 208 2
11.9922 -17 131 2
20.9844 -16 161 2
10.4922 6.49609 99 2
25.4844 -2.5 134 2
6.49609 -11.5 202 2
-9.53674e-06 -20 209 2
-6 -17 182 2
6.5 -19.5 166 2
-6 15.9922 130 2
4.5 -9.5 132 2
-7.5 19.4844 153 2
1.49902 22.4844 134 2
-4.76837e-06 -5 142 2
10.5 8.5 142 2
10.9922 21.9844 146 2
9 20 169 2
-4 -20 207 2
-1.5 -15.5 194 2
3.49805 -0.5 168 2
14.4922 15.4922 173 2
14.9922 2.99805 189 2
12.4922 8.49219 214 2
8.99219 7.99609 203 2
8.49219 2.49805 225 2
15.4922 6.49609 166 2
10.9922 9.99219 201 2
11.5 13.5 190 2
9.49219 2.49805 221 2
5.34766 5.79688 225 4
10.5 2.5 42 2
16.9844 8.99219 69 2
17.9844 7.99609 47 2
14.9922 8.99219 81 2
11 10 95 2
0.499756 20.5 103 2
9.49219 6.49609 112 2
3.99805 1.99902 134 2
9 -2.99805 75 2
10.4922 -1.5 99 2
8.99219 13.9922 71 2
11.4922 5.49609 91 2
9 -1.99902 119 2
10.4922 -1.5 131 2
18.9844 10.9922 118 2
13 22 142 2
22.9844 17.9844 115 2
9.49219 7.49609 166 2
12.9922 -1 143 2
13.4922 4.49609 167 2
3.49805 9.49219 175 2
1.49902 3.49805 186 2
3.5 11.5 188 2
6.5 23.5 194 2
24 9 149 2
16.5 16.5 189 2
26.5 30.5 177 2
26.9844 30 223 2
17.9844 23 216 2
8.49219 32.4688 247 2
18.5 34.5 265 2
12.9922 22.9844 309 2
11.5 5.5 88 2
4.99609 3.99805 105 2
16.4844 0.499756 93 2
5.5 7.5 118 2
23.9844 -3 131 2
25.4844 -3.5 179 2
11 11 131 2
17.9844 -2 162 2
8 7 98 2
11.4922 0.499756 122 2
-6 40 132 2
1.49902 25.4844 128 2
19.5 8.5 142 2
19.4844 19.5 177 2
34.9688 18.9844 157 2
16.9844 20 225 2
17.4844 -11.5 229 2
29 -11.9922 270 2
18.9844 3.99805 197 2
21.4844 -0.5 242 2
25.5 -10.4922 326 2
12 14 362 2
22.4844 -5.5 300 2
40.4688 -3.5 350 2
19.9844 7.99609 218 2
14.4922 8.49219 259 2
4 24 247 2
23.4844 25.4844 273 2
18.4844 12.4922 298 2
43.9688 10.9922 351 2
24.5 21.5 324 2
52.4688 25.4844 370 2
-4.5 7.49609 187 2
0.5 12.5 169 2
-4.5 15.4922 205 2
3 18 195 2
10.9922 7.99609 184 2
1.99902 0.999512 203 2
-1.5 8.5 207 2
-3.5 3.49805 205 2
-7 35.9688 253 2
-11.5 25.4844 243 2
-7 27.9844 324 2
-10 37 300 2
-4 21.9844 228 2
5.99609 22.9844 216 2
4.49609 35.4688 286 2
3.5 16.5 292 2
9.49219 0.499756 210 2
7.5 -0.499756 225 2
13 7 206 2
8.49219 13.4922 226 2
3.99805 -3 238 2
8.49219 2.49805 248 2
4.49609 15.4922 242 2
16.9844 14.9922 258 2
18.5 33.5 228 2
22.4844 38.4688 260 2
11.5 8.5 308 2
-2 -10 343 2
12.5 42.5 292 2
22.5 40.5 318 2
0.499756 -20.5 337 2
16.9844 -20 351 2
-3 26 385 2
-29 3.99805 373 2
-12.5 -4.5 411 2
-33 -4 371 2
-16 -14 334 2
-15 -22 303 2
-24 0.999512 312 2
-18.5 4.49609 268 2
-14 9.99219 413 2
-20.5 24.4844 365 2
-8 21 438 2
-27.5 6.49609 413 2
-18.5 22.5 332 2
-29.5 11.4922 298 2
-24 -3 364 2
-32.5 -2.5 317 2
8.99219 -28 293 2
-0.5 -26.5 305 2
-3 -15 245 2
2.5 -31.5 247 2
5.99609 -15 294 2
3.49805 -24.5 317 2
4.99609 -28 253 2
0.499756 -30.5 260 2
-29.5 7.49609 240 2
-3.5 -10.5 197 2
-39.5 -6.5 250 2
-9.5 2.49805 182 2
3.99805 -19 208 2
-5 -22 210 2
-3 -11 171 2
-3 -10 163 2
-0 0 0 16
-0 0 0 2
-32752 -32752 -16387 2
0.499756 0.5 0 2
27 19 -2 2
13.9922 2.99805 32 2
26.5 25.5 57 2
33 42 40 2
19.4844 31.5 121 2
-32752 32752 16387 2
52 13 51 2
-32752 -32752 -16386 2
56.5 -18.5 83 2
14 4 134 2
16 9.53674e-07 165 2
9.5 7.5 144 2
24.4844 7.49609 169 2
8.5 24.5 101 2
3.49805 26.4844 112 2
3.99805 18.9844 151 2
0.499756 16.4844 162 2
17.9844 18 128 2
24.5 18.5 169 2
13.4922 16.4844 161 2
17 8 193 2
14.4922 25.4844 187 2
-5.72205e-06 28.9844 204 2
13.4922 -2.5 218 2
16.4844 14.4922 253 2
3.99805 22.9844 203 2
21.9844 20 216 2
4.5 42.5 262 2
21.9844 36.9688 277 2
32752 -32752 16383 2
-32720 32720 16413 2
-0 0 0 2
32752 -32752 16382 2
29.9844 -26 134 2
13 -17 164 2
50.5 32672 57 2
-16288 16312 8301 2
-0 0 0 2
-0 0 -32767 2
-0 0 0 2
32768 0.00195312 0 2
-0 0 -32767 2
-16280 16280 24626 2
-0 0 -32767 2
-0 0 -32767 2
27.9844 -12 191 2
23.9844 -15 258 2
26.4844 21.4844 181 2
11.4922 9.49219 233 2
11.9922 -18 301 2
11.5 -26.5 322 2
7.99609 -8 265 2
15.5 9.5 279 2
19 36 244 2
3 26 281 2
20.9844 8.99219 313 2
6.49609 15.4922 340 2
8.99219 32.9688 278 2
17.9844 21.9844 302 2
8.49219 28.4844 345 2
11.9922 27.9844 361 2
-0 0 0 16
-0 0 0 4
-0 0 0 2
-0 0 -32767 2
-0 0 0 2
16384 -16384 24576 2
-0 0 0 4
-0 0 0 2
16384 16384 8192 2
-0 0 0 2
32768 0.00195312 0 2
-16216 16224 8427 2
21.4844 -4.5 337 2
-0 0 -32767 2
10.9922 12.9922 349 2
8.49219 -5.5 369 2
14.4922 -0.5 390 2
5.49609 6.49609 369 2
-0.5 -9.5 390 2
-10528 2426 -30736 4
6.5 -6.5 371 2
-12.5 -13.5 379 2
2.5 -8.5 352 2
-9 -12 351 2
-0 0 0 4
-0 0 0 2
32768 0.00195312 0 2
-0 0 0 2
32768 0.00195312 0 2
-0 0 0 4
-0 0 0 2
16384 16384 -8192 2
-0 0 0 2
16384 16384 -8192 2
-5800 -7.15234 -32739 8
3 24 203 2
-12 25.9844 201 2
18.5 24.5 238 2
-4.5 35.4688 255 2
16.9844 13.9922 198 2
25.4844 0.499756 247 2
12.5 30.5 246 2
25.9844 28.9844 268 2
28.9844 24.9844 273 2
9 43 313 2
24.4844 21.4844 329 2
18.9844 1.99902 385 2
1 51 316 2
-4 15.9922 335 2
-12 1.99902 409 2
-40.5 2.49805 372 2
25 23 292 2
17.4844 26.4844 326 2
14.4922 -2.5 338 2
-4.5 -31.5 361 2
19.4844 4.49609 375 2
27.5 -13.4922 428 2
11.4922 -33.5 353 2
11.4922 -35.5 384 2
-22.5 -21.5 334 2
-3 -25 292 2
-30.5 -2.5 304 2
-15.5 -13.5 253 2
6.49609 -23.5 289 2
13.4922 -27.5 308 2
3 -21 242 2
14.4922 -19.5 255 2
12.4922 -26.5 344 2
11.4922 -26.5 366 2
10.9922 11.9922 307 2
13.9922 10.9922 326 2
6.99609 -18 388 2
-42.5 -5.5 370 2
15.4922 11.4922 360 2
-39.5 4.49609 366 2
15 16 337 2
17 31 360 2
15.5 28.5 384 2
7.49609 8.49219 424 2
-5.5 11.4922 399 2
-48 -15 373 2
-41 -4 427 2
-41.5 -11.5 338 2
-31.5 -9.5 294 2
-25 -6 233 2
-27.5 0.499756 287 2
-29.5 2.49805 235 2
0.999512 -21 200 2
11.5 -22.5 214 2
-16.5 -2.5 180 2
11.4922 -18.5 170 2
-33 -2 282 2
-20.5 6.49609 226 2
-26 -19 269 2
-20.5 -19.5 225 2
-20 5.99609 182 2
-5.5 -1.5 152 2
-15.5 -8.5 184 2
-11.5 -0.5 154 2
-15 -16 467 2
-28 2.99805 415 2
8.49219 -38.5 401 2
-6.5 -19.5 409 2
-31 1.99902 356 2
-22 1.99902 302 2
-24.5 4.49609 365 2
-15 11 318 2
8 -30 328 2
13.5 -31.5 348 2
5.49609 -21.5 276 2
11.5 -27.5 295 2
-15 -18 353 2
-22.5 -21.5 324 2
-19.5 -34.5 312 2
-28 -44 268 2
-46.5 -0.5 252 2
-11 -10 185 2
-47 26.9844 268 2
-32 25.9844 191 2
-10.5 -6.5 157 2
19.9844 9.99219 140 2
-7.5 -1.5 145 2
28.5 2.5 158 2
-29.5 -33.5 275 2
-33 -19 210 2
-18 -22 200 2
-21.5 -17.5 168 2
1.49902 -5.5 139 2
21 -2.99805 164 2
15.9922 3.99805 124 2
11.9922 -7 164 2
6.49609 -25.5 233 2
5.49609 -29.5 246 2
-2 -13 190 2
9.99219 -14 188 2
-23 -28 246 2
-20 -17 192 2
-18 -11 199 2
-21 -19 161 2
4 -14 160 2
4.99609 -16 159 2
-9 -7 132 2
8.5 -15.5 127 2
-5.5 -11.5 166 2
-25 -5.30481e-06 137 2
-1 -9 143 2
-14.5 -5.5 127 2
-16 -21 159 2
1.49902 -4.5 125 2
1.49902 -3.5 115 2
11.4922 2.49805 121 2
11.4922 6.49609 133 2
9 2 155 2
9 2 145 2
3.99805 -1 161 2
4.49609 -3.5 108 2
10 -7 122 2
-1.5 -2.5 102 2
2.99805 -9 105 2
4 -8 147 2
8.5 -12.5 152 2
6.49609 -9.5 118 2
12.4922 3.49805 125 2
3.49805 -15.5 420 2
-3.5 -20.5 425 2
-2 -16 386 2
-15 -26 391 2
-43.5 -21.5 401 2
-35.5 -7.5 321 2
-23.5 -33.5 344 2
-30.5 -25.5 283 2
-1.5 -9.5 356 2
-28 -17 350 2
0.499756 -12.5 340 2
-42 -14 322 2
-28.5 -22.5 287 2
-19 -14 229 2
-23.5 -5.5 239 2
-17 -11 201 2
-30 -3 234 2
-23.5 -17.5 189 2
-24 -5 219 2
-25 2.99805 163 2
-8 -20 152 2
-4.5 -14.5 140 2
-9 -5.36442e-07 124 2
-6 -9 113 2
-12 -15 194 2
-13 -6 160 2
-15.5 -15.5 165 2
-2.5 -13.5 138 2
-11.5 2.49805 134 2
-13.5 -6.5 104 2
-21 -18 133 2
-8.5 -11.5 81 2
3.5 -2.5 317 2
-35 -1.16229e-05 305 2
2 -13 304 2
-38.5 -15.5 288 2
-28 -4 234 2
-19.5 -9.5 186 2
-27.5 -22.5 218 2
-17 -20 165 2
7.49609 -11.5 276 2
-43.5 -2.5 262 2
16.5 1.5 257 2
-43 -6 258 2
-28.5 -0.5 179 2
-16.5 6.49609 129 2
-21 2.99805 174 2
-23 -5 139 2
-15.5 -4.5 143 2
-8 -7 114 2
-9.5 -17.5 129 2
-7 -7 111 2
-18.5 -5.5 95 2
2.49805 -1.5 60 2
-18 -11 94 2
5.5 1.5 57 2
-12.5 -5.5 99 2
-11 -15 91 2
-7 12 90 2
-15 8.99219 72 2
-4 -5 60 2
3.99805 -3 59 2
-2 -3 49 2
2.99805 -4 49 2
-12.5 -10.5 119 2
5.49609 -7.5 103 2
-2.5 -1.5 102 2
-0.5 -6.5 93 2
1.49902 -8.5 116 2
-8.5 -5.5 113 2
-1.5 -13.5 102 2
-5.5 -10.5 95 2
0.499756 -12.5 93 2
-4.5 -6.5 84 2
-2.38419e-06 -9 73 2
0.999512 -7 69 2
-0.5 -4.5 76 2
8.49219 0.499756 78 2
5.49609 -2.5 69 2
6.99609 8.99219 82 2
-5 -2 101 2
1.99902 -2 90 2
4 -1.99902 89 2
3.49805 11.4922 87 2
12.4922 -5.5 103 2
16.4844 -2.5 135 2
6.99609 1.99902 95 2
21 -1.99902 118 2
8.5 0.5 95 2
11.5 5.5 111 2
14.5 8.5 99 2
5.99609 4.99609 125 2
-9.5 8.49219 113 2
14.4922 -10.5 116 2
-6 -3 136 2
-7.5 7.49609 118 2
3 5 65 2
3.49805 16.4844 64 2
16.9844 10 70 2
-2 8.99219 95 2
4.49609 19.4844 69 2
7.49609 8.49219 90 2
-0 -8 95 2
8.99219 -14 101 2
15.4922 -6.5 80 2
6.49609 -1.5 107 2
13.4922 -2.5 63 2
16.9844 -3 94 2
-20.5 8.49219 99 2
3.5 -3.5 78 2
-17 0.999512 105 2
-7 -5 74 2
7.99609 -5 110 2
4.49609 -8.5 124 2
-9.5 -12.5 109 2
6.99609 -9 107 2
-12 -9 122 2
-1.5 -12.5 117 2
-16.5 -7.5 108 2
4.5 -10.5 83 2
2.5 -7.5 79 2
8.99219 -6 94 2
3.99805 -5 67 2
3.49805 -14.5 76 2
-16 -5 98 2
12.5 0.5 71 2
2.99805 -4 73 2
12.9922 11.9922 80 2
-0 0 0 64
-0 0 0 16
-0 0 0 4
-0 0 0 2
32768 0.00195312 0 2
-0 0 0 2
32768 0.00195312 0 2
-0 0 0 4
-0 0 0 2
-0 0 -32767 2
16384 16384 -8192 2
-32624 -7 -32764 2
-10576 -5704 -22585 4
-9 -17 238 2
16.5 -1.49902 220 2
16.4844 0.499756 199 2
6.49609 -0.5 234 2
-7.5 -16.5 175 2
8.99219 -20 158 2
-11.5 -16.5 135 2
7.49609 -8.5 124 2
24.9844 -5 183 2
-6.5 -20.5 224 2
16.9844 -13 173 2
-8 -20 190 2
-0 0 0 4
-7340 -7368 -29100 4
-0 0 0 2
-0 0 0 2
-0 0 0 2
65504 0.00390434 0 2
-65504 1.49609 -3 2
21 6 34 2
28.4844 14.5 5 2
9.49219 11.5 54 2
10.4922 3.49805 101 2
17 7 122 2
8.99219 -14 102 2
10.9922 -7 124 2
-9.5 -13.5 166 2
-5 -21 146 2
-5.5 -6.5 136 2
-14 -7 117 2
13.5 -3.49805 79 2
10.9922 -13 106 2
3.5 -2.5 74 2
3.5 -8.5 85 2
-8.5 -17.5 121 2
-3 -9 92 2
-7.5 -10.5 91 2
7.49609 -0.5 71 2
-0 0 0 16
-0 0 0 2
-32752 32768 16380 2
-0 0 0 2
-32736 -32752 -16386 2
24.9844 3.99805 30 2
-2.5 -9.5 69 2
8 -5 47 2
-11 -13 55 2
32752 -32752 16383 2
21 -2.99805 4 2
-0 0 0 2
-32752 -32768 -16385 2
-2 -13 34 2
-3 -13 23 2
-32768 32752 16392 2
-0 0 0 2
0.5 -13.5 70 2
2.49805 -13.5 69 2
3 -3 42 2
-1.19209e-06 1.99902 43 2
-0.5 -11.5 69 2
9.49219 -3.5 68 2
11.5 0.5 47 2
9.99219 4.99609 67 2
15.5 -9.5 27 2
13 2 49 2
-32752 32752 16389 2
10.4922 -18.5 40 2
2 10 59 2
11.4922 -2.5 75 2
15.9922 -15 68 2
11 12 74 2
-0 0 0 8
-0 0 0 2
8 -13 14 2
-0 0 0 2
0.5 -0.5 0 2
14.5 -14.5 28 2
35.5 -11.5 74 2
5 -10 12 2
41.5 -18.5 42 2
-0 0 0 4
32752 32752 -16383 2
27 -8 17 2
-0 0 0 2
-32752 32752 16389 2
11.9922 -2.02656e-05 261 2
-31.5 8.49219 253 2
-2 -24 251 2
-12 -22 239 2
-28.5 9.49219 189 2
-16 7.99609 141 2
-16 9.99219 202 2
-23 12.9922 162 2
-7 -24 202 2
3.49805 -21.5 189 2
-12.5 -12.5 162 2
14.5 -11.5 145 2
1.49902 -8.5 204 2
-22 -3 190 2
14 -3.99805 188 2
-27.5 7.49609 193 2
-10 1.99902 116 2
-16 -1 85 2
-17 14 121 2
-17.5 15.4922 92 2
-7 3.99805 53 2
-2.5 0.499756 47 2
-11 9 62 2
-5 -2.98023e-07 48 2
-15 -8 147 2
-19 -6 115 2
-22.5 4.49609 140 2
-11.5 -3.5 102 2
-14.5 -0.5 77 2
-6.5 1.49902 51 2
-13.5 0.499756 78 2
-11.5 2.49805 54 2
-10 -15 135 2
26 5 122 2
6.99609 -3 97 2
24.9844 0.999512 125 2
12.5 -6.49609 174 2
-14 -17 190 2
-5.5 -0.5 165 2
-11.5 -12.5 150 2
13.4922 -4.5 101 2
20 -3.99805 132 2
17 4 86 2
14.5 2.5 121 2
-4.5 -3.5 164 2
-15.5 -6.5 143 2
2.49805 1.49902 151 2
-22.5 3.49805 133 2
-20 -1.19209e-06 149 2
-9 12 101 2
-7.5 -10.5 127 2
-2 0.999512 107 2
-9.5 9.49219 91 2
-21.5 0.499756 65 2
-7 6 98 2
-20.5 12.4922 73 2
-4.5 -12.5 111 2
2.49805 -6.5 107 2
-9 -3 93 2
5.49609 -17.5 87 2
-11.1953 -10.0469 112 4
18 -2.99805 57 2
17.4844 2.49805 89 2
17.4844 -10.5 51 2
12 -11 93 2
-19 -3 109 2
-12.5 -0.5 73 2
-13.5 -9.5 98 2
-12 -3 69 2
8.99219 1.99902 40 2
1.5 -9.5 70 2
7.99609 -2 37 2
-4.5 -6.5 53 2
-3.5 -15.5 69 2
-3 -8 55 2
-2.6226e-06 4.99609 39 2
-1 1.99902 40 2
0.149902 -2 56 4
10.4922 -6.5 67 2
5 -13 92 2
7.99609 1.99902 59 2
2.99805 -3 72 2
4.49609 0.499756 45 2
7 12 54 2
5.99609 2.99805 44 2
14.4922 -4.5 63 2
1.99902 8.99219 68 2
5.99609 10.9922 76 2
8.99219 5.99609 85 2
7.99609 13.9922 96 2
2.49805 0.499756 35 2
-5 -2 44 2
-7.5 4.5 41 2
-0.5 -4.5 37 2
11.9922 -5 45 2
-2 16 52 2
8.99219 -4 38 2
15.5 -0.499756 67 2
-13 -2 54 2
-3.5 -0.5 33 2
-9 -2 44 2
-5 -1 35 2
8.99219 -3 31 2
16.4844 -8.5 65 2
10.4922 1.49902 24 2
0.999512 -14 56 2
3.99805 11 52 2
2.99805 0.999512 62 2
-2 14.9922 82 2
-3 20 75 2
25.5 -2.49805 85 2
10.4922 1.49902 127 2
16 9 81 2
14.4922 7.49609 114 2
10.5 -16.5 96 2
0.499756 -5.5 110 2
10.5 -9.5 64 2
15.4922 -3.5 87 2
11 1 112 2
6 -7 140 2
12.4922 2.49805 111 2
6 8 130 2
13.4922 -8.5 91 2
16.4844 -7.5 118 2
10.4922 3.49805 87 2
18.9844 1.99902 107 2
14.9922 -3 149 2
-23 10.9922 154 2
2.5 -4.5 148 2
-18.5 -22.5 145 2
17.4844 5.49609 94 2
12.4922 9.49219 121 2
20.4844 4.49609 105 2
-6.5 -15.5 140 2
-18 -14 144 2
-13.5 -9.5 105 2
-21.5 -16.5 118 2
-4.5 -10.5 76 2
-24 9.99219 97 2
-8 5.99609 62 2
-13.5 -12.5 102 2
-7.5 -3.5 77 2
-7 -6 54 2
-1.5 -11.5 43 2
-14 -5 58 2
-4 -5 30 2
-9 -1 77 2
-10 -14 66 2
-5 -6 74 2
-17 -3 51 2
-7 -9 37 2
-3.5 0.499756 22 2
-3 0.999512 23 2
3.49805 0.499756 21 2
1.49902 -8.5 119 2
-17.5 -7.5 114 2
4.49609 -8.5 100 2
-10 -5.36442e-06 104 2
-15.5 -9.5 81 2
-7.5 -13.5 57 2
-22.5 4.49609 76 2
-10.5 -4.5 40 2
17.4844 -19.5 77 2
-0.5 -3.5 96 2
27 -8 38 2
9.5 -13.5 87 2
-19.5 2.49805 79 2
-17.5 0.499756 36 2
-20.5 -3.5 83 2
-22 -2.26498e-06 41 2
-3.5 -22.5 51 2
-4 -10 32 2
-1.5 -1.5 20 2
8.49219 10.5 16 2
-4 -2 22 2
10.9922 6 14 2
9.49219 25.5 25 2
-2.86102e-06 14.9922 43 2
4.99609 -6.55651e-07 16 2
17 -8.9407e-07 32 2
10.4922 2.49805 11 2
17 6 43 2
8.99219 2.99805 58 2
-0.5 9.49219 72 2
6.49609 3.49805 74 2
10.5 9.5 84 2
-2.5 -7.5 36 2
-1.5 -1.5 29 2
1.5 1.5 24 2
4.5 10.5 23 2
7 1 29 2
7 8 40 2
14.9922 24 35 2
1.99902 12.9922 63 2
10.4922 3.49805 24 2
15.9922 10 40 2
10 1 31 2
14.9922 1.99902 55 2
18.5 8.5 78 2
-7 22 97 2
19.5 0.5 89 2
8 10 124 2
16 6 60 2
10.9922 12.9922 95 2
14.9922 14.9922 71 2
18.9844 7.99609 106 2
12.9922 12.9922 116 2
10.4922 11.4922 139 2
6.99609 1.99902 142 2
9.5 0.5 155 2
13.9922 6.99609 97 2
13.4922 -0.5 127 2
1.49902 31.4844 128 2
30.9844 39.9688 139 2
12.4922 13.4922 145 2
7.99609 17.9844 165 2
16.9844 34 189 2
-17.5 11.4922 218 2
18.5 14.5 36 2
10.5 22.5 66 2
29.4844 9.5 60 2
12 5 109 2
20 11 97 2
16.4844 8.49219 143 2
13.9922 14.9922 124 2
23.4844 18.4844 164 2
16.5 1.5 83 2
18 7 115 2
11.9922 15.9922 103 2
23.5 12.5 131 2
26.9844 20 147 2
14.4922 9.49219 200 2
15.4922 -2.5 183 2
4.49609 -9.5 211 2
21.9844 17 174 2
14.9922 18.9844 217 2
16.5 9.5 212 2
3.99805 -5 243 2
0.5 3.5 246 2
-24.5 6.49609 238 2
-5 -9 245 2
-18.5 -13.5 236 2
-0 -5 228 2
-1.5 -6.5 230 2
-0.5 -5.5 216 2
2 -2 218 2
-3.5 -6.5 230 2
-27 -21 210 2
-16.5 -8.5 221 2
-38.5 -11.5 175 2
-0 0 0 16
-0 0 0 4
-0 0 0 2
-0 0 0 2
-0 0 0 2
32752 32752 -16383 2
-0 0 0 4
-0 0 0 2
-32752 -32752 -16389 2
-0 0 0 2
10.5 -8.5 4 2
-0 0 0 2
-0 0 0 2
-0.5 0.5 0 2
-32752 32752 16383 2
-0 0 0 2
32768 32752 -16383 2
-0 0 0 2
-0 0 0 2
2.49805 16.5 20 2
-17.5 11.5 25 2
-3 -18 26 2
-0.499756 -8.5 9 2
-5 16 4 2
-2 6 1 2
4.5 -13.5 23 2
-6.5 -6.5 15 2
0.0104141 0.0104141 0 8
-0 -65504 -1 2
-0 0 0 2
-0 0 0 2
-0 0 0 2
0.199951 -0 0 4
-0.0749512 0.0749512 0 4
32752 32752 -16383 2
16 12 -2 2
32752 -32752 16383 2
-32736 32752 16392 2
-0 0 0 16
0.149902 0.149902 0 4
11.5 5.5 -2 2
-4.5 18.5 15 2
13.5 2.5 4 2
0.5 -8.5 34 2
0.524902 -0.374756 0 4
6 -2.99805 8 2
-2.5 -3.5 11 2
3 -6 4 2
-1.99902 -6 7 2
-3 7 3 2
-0.5 0.5 0 2
-9 -3 15 2
-0.5 -0.5 0 2
-0 0 0 2
-32752 -32768 -16385 2
-0 0 0 2
-0 0 0 2
-0.924805 -0.924805 3 4
-0 0 0 4
-0 0 0 8
-0 0 0 8
18.5 -16.5 25 2
7 -28 57 2
32768 32752 -16381 2
-32752 32752 16393 2
-12 -20 61 2
-6 -8 24 2
-1.00391 65504 11 2
5 -1.99902 5 2
-0.5 0.5 0 2
-0 0 0 2
-2 -2 3 2
32752 32752 -16383 2
-0 0 0 2
-32752 -32768 -16385 2
-32752 32752 16383 2
-32752 32768 16382 2
6.5 -1.49902 20 2
17.4844 -9.5 41 2
4.49609 0.499756 14 2
10.5 -7.5 24 2
5 -9 70 2
14.4922 -10.5 87 2
14.9922 -1.01328e-06 51 2
7 4.17233e-07 73 2
4.49609 -4.5 15 2
13 2 17 2
6 7 12 2
21.9844 18 25 2
20.4844 6.5 48 2
10.4922 14.4922 81 2
17.4844 14.5 73 2
6.5 -4.5 109 2
0.499756 0.5 0 2
9.5 20.5 -2 2
14.4922 10.5 0 2
8 15 31 2
-7 29 6 2
5 14 9 2
3.5 12.5 47 2
2.49805 25.5 45 2
25.9844 11 21 2
4.99609 6.99609 67 2
11.5 -8.5 39 2
11.9922 -12 67 2
-1 2.99805 73 2
10.9922 1.99902 80 2
3.49805 2.49805 77 2
8.99219 4.99609 85 2
15.9922 7 19 2
17.5 2.5 57 2
14.4922 29.5 50 2
2.49805 15.4922 80 2
3.5 -7.5 91 2
2.49805 -9.5 93 2
-4.5 8.49219 84 2
3.99805 4.99609 82 2
4.49609 -1.5 99 2
1.99902 0.999512 104 2
2.5 3.5 98 2
0.5 -2.5 103 2
-2.6226e-06 2.99805 108 2
-5.24521e-06 9.99219 105 2
2 -6 107 2
-2 -10 115 2
17 -11 113 2
14.4922 -14.5 145 2
13.4922 -0.5 91 2
14.5 -6.49609 116 2
11.4922 -13.5 173 2
8.99219 -12 195 2
14.9922 -10 145 2
16.9844 -3 170 2
5.99609 12.9922 101 2
12.9922 12.9922 114 2
5.5 -10.5 123 2
3 -11 133 2
9.49219 5.49609 144 2
20.9844 0.999512 170 2
12.9922 -9.71556e-06 144 2
11.4922 -3.5 177 2
7.49609 -4.5 205 2
-10.5 -15.5 218 2
4.99609 -1 198 2
-26 -10 194 2
-14 -26 196 2
-21 -10 155 2
-15.5 -15.5 146 2
-6 -17 128 2
-5.5 -3.5 199 2
-25 -6 175 2
-4 -11 190 2
-21.5 0.499756 167 2
-28.5 -10.5 121 2
0.499756 -22.5 81 2
-35 3.99805 111 2
-17.5 -7.5 55 2
7.99609 -4.76837e-06 99 2
10.4922 -2.5 112 2
7.49609 -5.5 95 2
9.49219 0.499756 105 2
15 -5.99609 141 2
-5 -16 172 2
8.99219 -3 130 2
-5 -8 144 2
3.5 12.5 103 2
3.99805 1.99902 114 2
-0 -16 113 2
-2 -16 111 2
-0 -10 126 2
-7 -11 125 2
1.49902 -12.5 108 2
-3.5 -7.5 103 2
2 -16 160 2
-19.5 -14.5 159 2
-1.5 -11.5 132 2
-15 -15 127 2
-30 -4 105 2
-15 -3 45 2
-26 -18 90 2
-7 -4 32 2
-8 -20 113 2
-20 -27 94 2
-17.5 8.5 86 2
-17.5 1.49902 50 2
-9.5 -6.5 45 2
-0.5 6.5 24 2
3.99805 -5 26 2
19.4844 1.49902 36 2
7.5 -15.5 22 2
12.9922 -12 35 2
32752 -32752 16383 2
1.99609 65504 12 2
16.4844 -18.5