2022-12-20 23:57:02,040 [    917]   WARN - #c.i.n.i.NotificationGroupManagerImpl - Notification group CodeWithMe is already registered (group=com.intellij.notification.NotificationGroup@3c13f6f0). Plugin descriptor: PluginDescriptor(name=Code With Me, id=com.jetbrains.codeWithMe, descriptorPath=plugin.xml, path=/opt/clion-2022.1.3/plugins/cwm-plugin, version=221.5921.27, package=null, isBundled=true)
Info  | RdCoroutineScope          | 31:JobScheduler FJ pool 8/15 | RdCoroutineHost overridden 
2022-12-20 23:57:06,189 [   5066]   WARN - #c.i.o.w.i.ToolWindowImpl - ToolWindow icons should be 13x13. Please fix ToolWindow (ID:  Python Packages) or icon RasterizedImageDataLoader(, classLoader=PluginClassLoader(plugin=PluginDescriptor(name=Atom Material Icons, id=com.mallowigi, descriptorPath=plugin.xml, path=~/.local/share/JetBrains/CLion2022.1/Atom Material Icons, version=64.0.0, package=null, isBundled=false), packagePrefix=null, instanceId=113, state=active), path='icons/plugins/python/python/pythonPackages.svg')
2022-12-20 23:57:09,056 [   7933]   WARN - #c.i.o.a.i.ActionUpdater - 425 ms to grab EDT for CWMTelephonyGroup#update (com.jetbrains.rd.platform.codeWithMe.telephony.CWMTelephonyGroup)
2022-12-20 23:57:10,017 [   8894]   WARN - #c.i.u.x.Binding - no accessors for org.jetbrains.idea.perforce.perforce.ConnectionId
2022-12-20 23:57:10,999 [   9876]   WARN - #c.i.o.a.i.ActionUpdater - 205 ms to grab EDT for OpenHtmlInEmbeddedBrowserAction#update (com.intellij.ide.browsers.actions.OpenHtmlInEmbeddedBrowserAction)

2022-12-21 00:01:36,848 [ 275725]   WARN - #c.j.c.e.debugger - >0-interpreter-exec --thread 1 --frame 0 mi2 "-var-create var4_row * \"row\""
2022-12-21 00:01:36,848 [ 275725]   WARN - #c.j.c.e.debugger - <^error,msg="-var-create: unable to create variable object"
2022-12-21 00:01:36,849 [ 275726]   WARN - #c.j.c.e.debugger - >-var-set-frozen "var4_row" 1
2022-12-21 00:01:36,849 [ 275726]   WARN - #c.j.c.e.debugger - <^error,msg="Variable object not found"
2022-12-21 00:01:36,871 [ 275748]   WARN - #c.j.c.e.debugger - >0-interpreter-exec --thread 1 --frame 0 mi2 "-var-create var5_introw * \"((int)(row))\""
2022-12-21 00:01:36,871 [ 275748]   WARN - #c.j.c.e.debugger - <^error,msg="-var-create: unable to create variable object"
2022-12-21 00:01:36,872 [ 275749]   WARN - #c.j.c.e.debugger - >-var-set-frozen "var5_introw" 1
2022-12-21 00:01:36,872 [ 275749]   WARN - #c.j.c.e.debugger - <^error,msg="Variable object not found"
2022-12-21 00:01:36,874 [ 275751]   WARN - #c.j.c.e.debugger - >0-interpreter-exec --thread 1 --frame 0 mi2 "-var-create var6_row * \"row\""
2022-12-21 00:01:36,874 [ 275751]   WARN - #c.j.c.e.debugger - <^error,msg="-var-create: unable to create variable object"
2022-12-21 00:01:36,875 [ 275752]   WARN - #c.j.c.e.debugger - >-var-set-frozen "var6_row" 1
2022-12-21 00:01:36,875 [ 275752]   WARN - #c.j.c.e.debugger - <^error,msg="Variable object not found"





2022-12-21 00:10:46,852 [ 825729] SEVERE - #c.i.o.v.n.RefreshQueueImpl - null
org.jetbrains.concurrency.AsyncPromiseKt$CANCELED$1
2022-12-21 00:10:46,855 [ 825732] SEVERE - #c.i.o.v.n.RefreshQueueImpl - CLion 2022.1.3  Build #CL-221.5921.27
2022-12-21 00:10:46,858 [ 825735] SEVERE - #c.i.o.v.n.RefreshQueueImpl - JDK: 11.0.15; VM: OpenJDK 64-Bit Server VM; Vendor: JetBrains s.r.o.
2022-12-21 00:10:46,858 [ 825735] SEVERE - #c.i.o.v.n.RefreshQueueImpl - OS: Linux
